{"C:\\Users\\juan_\\Unicauca\\2026-1\\SotwareIII\\Frontend\\Front\\src\\app\\data\\mockData.ts": {"path":"C:\\Users\\juan_\\Unicauca\\2026-1\\SotwareIII\\Frontend\\Front\\src\\app\\data\\mockData.ts","statementMap":{"0":{"start":{"line":1,"column":22},"end":{"line":18,"column":null}},"1":{"start":{"line":20,"column":23},"end":{"line":86,"column":null}},"2":{"start":{"line":88,"column":26},"end":{"line":93,"column":null}},"3":{"start":{"line":95,"column":30},"end":{"line":95,"column":null}},"4":{"start":{"line":97,"column":28},"end":{"line":112,"column":null}},"5":{"start":{"line":115,"column":34},"end":{"line":115,"column":null}},"6":{"start":{"line":115,"column":59},"end":{"line":115,"column":82}},"7":{"start":{"line":117,"column":24},"end":{"line":121,"column":null}},"8":{"start":{"line":123,"column":31},"end":{"line":148,"column":null}},"9":{"start":{"line":150,"column":36},"end":{"line":167,"column":null}},"10":{"start":{"line":169,"column":27},"end":{"line":194,"column":null}}},"fnMap":{"0":{"name":"(anonymous_0)","decl":{"start":{"line":115,"column":54},"end":{"line":115,"column":59}},"loc":{"start":{"line":115,"column":59},"end":{"line":115,"column":82}},"line":115}},"branchMap":{},"s":{"0":3,"1":3,"2":3,"3":3,"4":3,"5":3,"6":33,"7":3,"8":3,"9":3,"10":3},"f":{"0":33},"b":{},"meta":{"lastBranch":0,"lastFunction":1,"lastStatement":11,"seen":{"s:1:22:18:Infinity":0,"s:20:23:86:Infinity":1,"s:88:26:93:Infinity":2,"s:95:30:95:Infinity":3,"s:97:28:112:Infinity":4,"s:115:34:115:Infinity":5,"f:115:54:115:59":0,"s:115:59:115:82":6,"s:117:24:121:Infinity":7,"s:123:31:148:Infinity":8,"s:150:36:167:Infinity":9,"s:169:27:194:Infinity":10}}}
,"C:\\Users\\juan_\\Unicauca\\2026-1\\SotwareIII\\Frontend\\Front\\src\\app\\pages\\AppointmentsByDoctor.tsx": {"path":"C:\\Users\\juan_\\Unicauca\\2026-1\\SotwareIII\\Frontend\\Front\\src\\app\\pages\\AppointmentsByDoctor.tsx","statementMap":{"0":{"start":{"line":10,"column":46},"end":{"line":15,"column":null}},"1":{"start":{"line":17,"column":68},"end":{"line":22,"column":null}},"2":{"start":{"line":25,"column":49},"end":{"line":29,"column":null}},"3":{"start":{"line":53,"column":50},"end":{"line":53,"column":null}},"4":{"start":{"line":54,"column":42},"end":{"line":54,"column":null}},"5":{"start":{"line":54,"column":57},"end":{"line":54,"column":101}},"6":{"start":{"line":56,"column":42},"end":{"line":56,"column":null}},"7":{"start":{"line":57,"column":28},"end":{"line":57,"column":null}},"8":{"start":{"line":58,"column":32},"end":{"line":58,"column":null}},"9":{"start":{"line":60,"column":32},"end":{"line":60,"column":null}},"10":{"start":{"line":61,"column":46},"end":{"line":61,"column":null}},"11":{"start":{"line":62,"column":42},"end":{"line":62,"column":null}},"12":{"start":{"line":64,"column":32},"end":{"line":64,"column":null}},"13":{"start":{"line":65,"column":28},"end":{"line":65,"column":null}},"14":{"start":{"line":68,"column":38},"end":{"line":68,"column":null}},"15":{"start":{"line":71,"column":38},"end":{"line":71,"column":null}},"16":{"start":{"line":74,"column":2},"end":{"line":89,"column":null}},"17":{"start":{"line":75,"column":4},"end":{"line":75,"column":null}},"18":{"start":{"line":76,"column":4},"end":{"line":76,"column":null}},"19":{"start":{"line":77,"column":4},"end":{"line":88,"column":null}},"20":{"start":{"line":79,"column":8},"end":{"line":79,"column":null}},"21":{"start":{"line":80,"column":8},"end":{"line":80,"column":null}},"22":{"start":{"line":81,"column":8},"end":{"line":81,"column":null}},"23":{"start":{"line":84,"column":8},"end":{"line":84,"column":null}},"24":{"start":{"line":85,"column":8},"end":{"line":85,"column":null}},"25":{"start":{"line":86,"column":8},"end":{"line":86,"column":null}},"26":{"start":{"line":88,"column":21},"end":{"line":88,"column":45}},"27":{"start":{"line":92,"column":28},"end":{"line":131,"column":null}},"28":{"start":{"line":93,"column":4},"end":{"line":93,"column":null}},"29":{"start":{"line":93,"column":28},"end":{"line":93,"column":null}},"30":{"start":{"line":95,"column":23},"end":{"line":95,"column":null}},"31":{"start":{"line":96,"column":4},"end":{"line":96,"column":null}},"32":{"start":{"line":97,"column":4},"end":{"line":104,"column":null}},"33":{"start":{"line":98,"column":6},"end":{"line":98,"column":null}},"34":{"start":{"line":99,"column":6},"end":{"line":99,"column":null}},"35":{"start":{"line":100,"column":6},"end":{"line":100,"column":null}},"36":{"start":{"line":101,"column":6},"end":{"line":101,"column":null}},"37":{"start":{"line":102,"column":6},"end":{"line":102,"column":null}},"38":{"start":{"line":103,"column":6},"end":{"line":103,"column":null}},"39":{"start":{"line":107,"column":24},"end":{"line":107,"column":null}},"40":{"start":{"line":108,"column":16},"end":{"line":108,"column":null}},"41":{"start":{"line":110,"column":4},"end":{"line":110,"column":null}},"42":{"start":{"line":111,"column":4},"end":{"line":111,"column":null}},"43":{"start":{"line":112,"column":4},"end":{"line":112,"column":null}},"44":{"start":{"line":113,"column":4},"end":{"line":113,"column":null}},"45":{"start":{"line":115,"column":4},"end":{"line":130,"column":null}},"46":{"start":{"line":117,"column":8},"end":{"line":117,"column":null}},"47":{"start":{"line":118,"column":8},"end":{"line":118,"column":null}},"48":{"start":{"line":119,"column":8},"end":{"line":119,"column":null}},"49":{"start":{"line":120,"column":8},"end":{"line":120,"column":null}},"50":{"start":{"line":121,"column":8},"end":{"line":121,"column":null}},"51":{"start":{"line":124,"column":8},"end":{"line":124,"column":null}},"52":{"start":{"line":125,"column":8},"end":{"line":125,"column":null}},"53":{"start":{"line":126,"column":8},"end":{"line":126,"column":null}},"54":{"start":{"line":127,"column":8},"end":{"line":127,"column":null}},"55":{"start":{"line":128,"column":8},"end":{"line":128,"column":null}},"56":{"start":{"line":130,"column":21},"end":{"line":130,"column":38}},"57":{"start":{"line":134,"column":2},"end":{"line":139,"column":null}},"58":{"start":{"line":135,"column":4},"end":{"line":138,"column":null}},"59":{"start":{"line":136,"column":6},"end":{"line":136,"column":null}},"60":{"start":{"line":137,"column":6},"end":{"line":137,"column":null}},"61":{"start":{"line":142,"column":2},"end":{"line":148,"column":null}},"62":{"start":{"line":143,"column":4},"end":{"line":143,"column":null}},"63":{"start":{"line":143,"column":65},"end":{"line":143,"column":null}},"64":{"start":{"line":144,"column":18},"end":{"line":146,"column":null}},"65":{"start":{"line":145,"column":6},"end":{"line":145,"column":null}},"66":{"start":{"line":147,"column":4},"end":{"line":147,"column":null}},"67":{"start":{"line":147,"column":17},"end":{"line":147,"column":null}},"68":{"start":{"line":150,"column":24},"end":{"line":155,"column":null}},"69":{"start":{"line":151,"column":4},"end":{"line":151,"column":null}},"70":{"start":{"line":151,"column":23},"end":{"line":151,"column":null}},"71":{"start":{"line":152,"column":4},"end":{"line":154,"column":null}},"72":{"start":{"line":157,"column":2},"end":{"line":346,"column":null}},"73":{"start":{"line":174,"column":31},"end":{"line":174,"column":null}},"74":{"start":{"line":182,"column":16},"end":{"line":182,"column":null}},"75":{"start":{"line":190,"column":29},"end":{"line":190,"column":null}},"76":{"start":{"line":197,"column":25},"end":{"line":197,"column":null}},"77":{"start":{"line":230,"column":31},"end":{"line":230,"column":null}},"78":{"start":{"line":237,"column":31},"end":{"line":237,"column":null}},"79":{"start":{"line":261,"column":20},"end":{"line":267,"column":null}},"80":{"start":{"line":273,"column":18},"end":{"line":305,"column":null}},"81":{"start":{"line":336,"column":27},"end":{"line":336,"column":null}}},"fnMap":{"0":{"name":"AppointmentsByDoctor","decl":{"start":{"line":52,"column":24},"end":{"line":52,"column":47}},"loc":{"start":{"line":52,"column":47},"end":{"line":348,"column":null}},"line":52},"1":{"name":"(anonymous_1)","decl":{"start":{"line":54,"column":57},"end":{"line":54,"column":63}},"loc":{"start":{"line":54,"column":57},"end":{"line":54,"column":101}},"line":54},"2":{"name":"(anonymous_2)","decl":{"start":{"line":74,"column":18},"end":{"line":74,"column":24}},"loc":{"start":{"line":74,"column":24},"end":{"line":89,"column":5}},"line":74},"3":{"name":"(anonymous_3)","decl":{"start":{"line":78,"column":12},"end":{"line":78,"column":13}},"loc":{"start":{"line":78,"column":32},"end":{"line":82,"column":7}},"line":78},"4":{"name":"(anonymous_4)","decl":{"start":{"line":83,"column":13},"end":{"line":83,"column":14}},"loc":{"start":{"line":83,"column":22},"end":{"line":87,"column":7}},"line":83},"5":{"name":"(anonymous_5)","decl":{"start":{"line":88,"column":15},"end":{"line":88,"column":21}},"loc":{"start":{"line":88,"column":21},"end":{"line":88,"column":45}},"line":88},"6":{"name":"(anonymous_6)","decl":{"start":{"line":92,"column":46},"end":{"line":92,"column":47}},"loc":{"start":{"line":92,"column":98},"end":{"line":131,"column":5}},"line":92},"7":{"name":"(anonymous_7)","decl":{"start":{"line":116,"column":12},"end":{"line":116,"column":13}},"loc":{"start":{"line":116,"column":44},"end":{"line":122,"column":7}},"line":116},"8":{"name":"(anonymous_8)","decl":{"start":{"line":123,"column":13},"end":{"line":123,"column":14}},"loc":{"start":{"line":123,"column":22},"end":{"line":129,"column":7}},"line":123},"9":{"name":"(anonymous_9)","decl":{"start":{"line":130,"column":15},"end":{"line":130,"column":21}},"loc":{"start":{"line":130,"column":21},"end":{"line":130,"column":38}},"line":130},"10":{"name":"(anonymous_10)","decl":{"start":{"line":134,"column":18},"end":{"line":134,"column":24}},"loc":{"start":{"line":134,"column":24},"end":{"line":139,"column":5}},"line":134},"11":{"name":"(anonymous_11)","decl":{"start":{"line":142,"column":18},"end":{"line":142,"column":24}},"loc":{"start":{"line":142,"column":24},"end":{"line":148,"column":5}},"line":142},"12":{"name":"(anonymous_12)","decl":{"start":{"line":144,"column":29},"end":{"line":144,"column":35}},"loc":{"start":{"line":144,"column":35},"end":{"line":146,"column":7}},"line":144},"13":{"name":"(anonymous_13)","decl":{"start":{"line":147,"column":11},"end":{"line":147,"column":17}},"loc":{"start":{"line":147,"column":17},"end":{"line":147,"column":null}},"line":147},"14":{"name":"(anonymous_14)","decl":{"start":{"line":150,"column":38},"end":{"line":150,"column":44}},"loc":{"start":{"line":150,"column":44},"end":{"line":155,"column":5}},"line":150},"15":{"name":"(anonymous_15)","decl":{"start":{"line":174,"column":24},"end":{"line":174,"column":25}},"loc":{"start":{"line":174,"column":31},"end":{"line":174,"column":null}},"line":174},"16":{"name":"(anonymous_16)","decl":{"start":{"line":181,"column":27},"end":{"line":181,"column":28}},"loc":{"start":{"line":182,"column":16},"end":{"line":182,"column":null}},"line":182},"17":{"name":"(anonymous_17)","decl":{"start":{"line":190,"column":22},"end":{"line":190,"column":23}},"loc":{"start":{"line":190,"column":29},"end":{"line":190,"column":null}},"line":190},"18":{"name":"(anonymous_18)","decl":{"start":{"line":197,"column":19},"end":{"line":197,"column":25}},"loc":{"start":{"line":197,"column":25},"end":{"line":197,"column":null}},"line":197},"19":{"name":"(anonymous_19)","decl":{"start":{"line":230,"column":24},"end":{"line":230,"column":25}},"loc":{"start":{"line":230,"column":31},"end":{"line":230,"column":null}},"line":230},"20":{"name":"(anonymous_20)","decl":{"start":{"line":237,"column":25},"end":{"line":237,"column":31}},"loc":{"start":{"line":237,"column":31},"end":{"line":237,"column":null}},"line":237},"21":{"name":"(anonymous_21)","decl":{"start":{"line":260,"column":87},"end":{"line":260,"column":88}},"loc":{"start":{"line":261,"column":20},"end":{"line":267,"column":null}},"line":261},"22":{"name":"(anonymous_22)","decl":{"start":{"line":272,"column":34},"end":{"line":272,"column":35}},"loc":{"start":{"line":273,"column":18},"end":{"line":305,"column":null}},"line":273},"23":{"name":"(anonymous_23)","decl":{"start":{"line":336,"column":21},"end":{"line":336,"column":27}},"loc":{"start":{"line":336,"column":27},"end":{"line":336,"column":null}},"line":336}},"branchMap":{"0":{"loc":{"start":{"line":79,"column":48},"end":{"line":79,"column":65}},"type":"binary-expr","locations":[{"start":{"line":79,"column":48},"end":{"line":79,"column":64}},{"start":{"line":79,"column":64},"end":{"line":79,"column":65}}],"line":79},"1":{"loc":{"start":{"line":80,"column":19},"end":{"line":80,"column":29}},"type":"binary-expr","locations":[{"start":{"line":80,"column":19},"end":{"line":80,"column":27}},{"start":{"line":80,"column":27},"end":{"line":80,"column":29}}],"line":80},"2":{"loc":{"start":{"line":93,"column":4},"end":{"line":93,"column":null}},"type":"if","locations":[{"start":{"line":93,"column":4},"end":{"line":93,"column":null}},{"start":{},"end":{}}],"line":93},"3":{"loc":{"start":{"line":93,"column":8},"end":{"line":93,"column":28}},"type":"binary-expr","locations":[{"start":{"line":93,"column":8},"end":{"line":93,"column":21}},{"start":{"line":93,"column":21},"end":{"line":93,"column":28}}],"line":93},"4":{"loc":{"start":{"line":97,"column":4},"end":{"line":104,"column":null}},"type":"if","locations":[{"start":{"line":97,"column":4},"end":{"line":104,"column":null}},{"start":{},"end":{}}],"line":97},"5":{"loc":{"start":{"line":107,"column":24},"end":{"line":107,"column":null}},"type":"cond-expr","locations":[{"start":{"line":107,"column":33},"end":{"line":107,"column":75}},{"start":{"line":107,"column":75},"end":{"line":107,"column":null}}],"line":107},"6":{"loc":{"start":{"line":110,"column":91},"end":{"line":110,"column":130}},"type":"cond-expr","locations":[{"start":{"line":110,"column":100},"end":{"line":110,"column":128}},{"start":{"line":110,"column":128},"end":{"line":110,"column":130}}],"line":110},"7":{"loc":{"start":{"line":117,"column":48},"end":{"line":117,"column":63}},"type":"binary-expr","locations":[{"start":{"line":117,"column":48},"end":{"line":117,"column":62}},{"start":{"line":117,"column":62},"end":{"line":117,"column":63}}],"line":117},"8":{"loc":{"start":{"line":118,"column":24},"end":{"line":118,"column":47}},"type":"binary-expr","locations":[{"start":{"line":118,"column":24},"end":{"line":118,"column":45}},{"start":{"line":118,"column":45},"end":{"line":118,"column":47}}],"line":118},"9":{"loc":{"start":{"line":119,"column":17},"end":{"line":119,"column":32}},"type":"binary-expr","locations":[{"start":{"line":119,"column":17},"end":{"line":119,"column":31}},{"start":{"line":119,"column":31},"end":{"line":119,"column":32}}],"line":119},"10":{"loc":{"start":{"line":120,"column":19},"end":{"line":120,"column":37}},"type":"binary-expr","locations":[{"start":{"line":120,"column":19},"end":{"line":120,"column":35}},{"start":{"line":120,"column":35},"end":{"line":120,"column":37}}],"line":120},"11":{"loc":{"start":{"line":135,"column":4},"end":{"line":138,"column":null}},"type":"if","locations":[{"start":{"line":135,"column":4},"end":{"line":138,"column":null}},{"start":{},"end":{}}],"line":135},"12":{"loc":{"start":{"line":135,"column":8},"end":{"line":135,"column":42}},"type":"binary-expr","locations":[{"start":{"line":135,"column":8},"end":{"line":135,"column":28}},{"start":{"line":135,"column":28},"end":{"line":135,"column":42}}],"line":135},"13":{"loc":{"start":{"line":143,"column":4},"end":{"line":143,"column":null}},"type":"if","locations":[{"start":{"line":143,"column":4},"end":{"line":143,"column":null}},{"start":{},"end":{}}],"line":143},"14":{"loc":{"start":{"line":143,"column":8},"end":{"line":143,"column":65}},"type":"binary-expr","locations":[{"start":{"line":143,"column":8},"end":{"line":143,"column":29}},{"start":{"line":143,"column":29},"end":{"line":143,"column":46}},{"start":{"line":143,"column":46},"end":{"line":143,"column":65}}],"line":143},"15":{"loc":{"start":{"line":151,"column":4},"end":{"line":151,"column":null}},"type":"if","locations":[{"start":{"line":151,"column":4},"end":{"line":151,"column":null}},{"start":{},"end":{}}],"line":151},"16":{"loc":{"start":{"line":177,"column":46},"end":{"line":177,"column":89}},"type":"cond-expr","locations":[{"start":{"line":177,"column":61},"end":{"line":177,"column":76}},{"start":{"line":177,"column":76},"end":{"line":177,"column":89}}],"line":177},"17":{"loc":{"start":{"line":180,"column":32},"end":{"line":180,"column":93}},"type":"cond-expr","locations":[{"start":{"line":180,"column":49},"end":{"line":180,"column":65}},{"start":{"line":180,"column":65},"end":{"line":180,"column":93}}],"line":180},"18":{"loc":{"start":{"line":198,"column":20},"end":{"line":198,"column":null}},"type":"binary-expr","locations":[{"start":{"line":198,"column":20},"end":{"line":198,"column":31}},{"start":{"line":198,"column":31},"end":{"line":198,"column":52}},{"start":{"line":198,"column":52},"end":{"line":198,"column":null}}],"line":198},"19":{"loc":{"start":{"line":202,"column":11},"end":{"line":202,"column":93}},"type":"cond-expr","locations":[{"start":{"line":202,"column":21},"end":{"line":202,"column":72}},{"start":{"line":202,"column":72},"end":{"line":202,"column":93}}],"line":202},"20":{"loc":{"start":{"line":208,"column":7},"end":{"line":212,"column":null}},"type":"binary-expr","locations":[{"start":{"line":208,"column":7},"end":{"line":208,"column":null}},{"start":{"line":209,"column":8},"end":{"line":212,"column":null}}],"line":208},"21":{"loc":{"start":{"line":214,"column":7},"end":{"line":218,"column":null}},"type":"binary-expr","locations":[{"start":{"line":214,"column":7},"end":{"line":214,"column":null}},{"start":{"line":215,"column":8},"end":{"line":218,"column":null}}],"line":214},"22":{"loc":{"start":{"line":223,"column":7},"end":{"line":250,"column":null}},"type":"binary-expr","locations":[{"start":{"line":223,"column":7},"end":{"line":223,"column":21}},{"start":{"line":223,"column":21},"end":{"line":223,"column":null}},{"start":{"line":224,"column":8},"end":{"line":250,"column":null}}],"line":223},"23":{"loc":{"start":{"line":235,"column":13},"end":{"line":242,"column":null}},"type":"binary-expr","locations":[{"start":{"line":235,"column":13},"end":{"line":235,"column":null}},{"start":{"line":236,"column":14},"end":{"line":242,"column":null}}],"line":235},"24":{"loc":{"start":{"line":245,"column":11},"end":{"line":248,"column":null}},"type":"binary-expr","locations":[{"start":{"line":245,"column":11},"end":{"line":245,"column":null}},{"start":{"line":246,"column":12},"end":{"line":248,"column":null}}],"line":245},"25":{"loc":{"start":{"line":247,"column":15},"end":{"line":247,"column":null}},"type":"cond-expr","locations":[{"start":{"line":247,"column":25},"end":{"line":247,"column":41}},{"start":{"line":247,"column":41},"end":{"line":247,"column":null}}],"line":247},"26":{"loc":{"start":{"line":256,"column":11},"end":{"line":308,"column":null}},"type":"binary-expr","locations":[{"start":{"line":256,"column":11},"end":{"line":256,"column":null}},{"start":{"line":257,"column":12},"end":{"line":308,"column":null}}],"line":256},"27":{"loc":{"start":{"line":289,"column":25},"end":{"line":289,"column":null}},"type":"binary-expr","locations":[{"start":{"line":289,"column":25},"end":{"line":289,"column":61}},{"start":{"line":289,"column":61},"end":{"line":289,"column":null}}],"line":289},"28":{"loc":{"start":{"line":296,"column":38},"end":{"line":296,"column":null}},"type":"binary-expr","locations":[{"start":{"line":296,"column":38},"end":{"line":296,"column":72}},{"start":{"line":296,"column":72},"end":{"line":296,"column":null}}],"line":296},"29":{"loc":{"start":{"line":297,"column":33},"end":{"line":297,"column":null}},"type":"binary-expr","locations":[{"start":{"line":297,"column":33},"end":{"line":297,"column":69}},{"start":{"line":297,"column":69},"end":{"line":297,"column":null}}],"line":297},"30":{"loc":{"start":{"line":302,"column":25},"end":{"line":302,"column":null}},"type":"binary-expr","locations":[{"start":{"line":302,"column":25},"end":{"line":302,"column":55}},{"start":{"line":302,"column":55},"end":{"line":302,"column":null}}],"line":302},"31":{"loc":{"start":{"line":312,"column":9},"end":{"line":316,"column":null}},"type":"binary-expr","locations":[{"start":{"line":312,"column":9},"end":{"line":312,"column":null}},{"start":{"line":313,"column":10},"end":{"line":316,"column":null}}],"line":312},"32":{"loc":{"start":{"line":319,"column":9},"end":{"line":328,"column":null}},"type":"binary-expr","locations":[{"start":{"line":319,"column":9},"end":{"line":319,"column":21}},{"start":{"line":319,"column":21},"end":{"line":319,"column":36}},{"start":{"line":319,"column":36},"end":{"line":319,"column":56}},{"start":{"line":319,"column":56},"end":{"line":319,"column":72}},{"start":{"line":319,"column":72},"end":{"line":319,"column":82}},{"start":{"line":319,"column":82},"end":{"line":319,"column":null}},{"start":{"line":320,"column":10},"end":{"line":328,"column":null}}],"line":319},"33":{"loc":{"start":{"line":326,"column":15},"end":{"line":326,"column":null}},"type":"binary-expr","locations":[{"start":{"line":326,"column":15},"end":{"line":326,"column":26}},{"start":{"line":326,"column":26},"end":{"line":326,"column":null}}],"line":326},"34":{"loc":{"start":{"line":337,"column":22},"end":{"line":337,"column":null}},"type":"binary-expr","locations":[{"start":{"line":337,"column":22},"end":{"line":337,"column":33}},{"start":{"line":337,"column":33},"end":{"line":337,"column":54}},{"start":{"line":337,"column":54},"end":{"line":337,"column":null}}],"line":337}},"s":{"0":1,"1":1,"2":1,"3":29,"4":29,"5":7,"6":29,"7":29,"8":29,"9":29,"10":29,"11":29,"12":29,"13":29,"14":29,"15":29,"16":29,"17":7,"18":7,"19":7,"20":5,"21":5,"22":5,"23":1,"24":1,"25":1,"26":6,"27":29,"28":3,"29":0,"30":3,"31":3,"32":3,"33":0,"34":0,"35":0,"36":0,"37":0,"38":0,"39":3,"40":3,"41":3,"42":3,"43":3,"44":3,"45":3,"46":3,"47":3,"48":3,"49":3,"50":3,"51":0,"52":0,"53":0,"54":0,"55":0,"56":3,"57":29,"58":10,"59":3,"60":3,"61":29,"62":10,"63":10,"64":0,"65":0,"66":0,"67":0,"68":29,"69":7,"70":0,"71":7,"72":29,"73":3,"74":40,"75":0,"76":0,"77":0,"78":0,"79":20,"80":8,"81":0},"f":{"0":29,"1":7,"2":7,"3":5,"4":1,"5":6,"6":3,"7":3,"8":0,"9":3,"10":10,"11":10,"12":0,"13":0,"14":7,"15":3,"16":40,"17":0,"18":0,"19":0,"20":0,"21":20,"22":8,"23":0},"b":{"0":[5,0],"1":[5,0],"2":[0,3],"3":[3,3],"4":[0,3],"5":[0,3],"6":[0,3],"7":[3,1],"8":[3,0],"9":[3,1],"10":[3,3],"11":[3,7],"12":[10,3],"13":[10,0],"14":[10,3,3],"15":[0,7],"16":[1,27],"17":[9,19],"18":[29,22,6],"19":[6,22],"20":[29,1],"21":[29,0],"22":[29,6,6],"23":[6,0],"24":[6,0],"25":[0,0],"26":[29,4],"27":[8,0],"28":[8,0],"29":[8,0],"30":[8,0],"31":[29,6],"32":[29,22,20,4,4,4,1],"33":[1,1],"34":[29,22,6]},"meta":{"lastBranch":35,"lastFunction":24,"lastStatement":82,"seen":{"s:10:46:15:Infinity":0,"s:17:68:22:Infinity":1,"s:25:49:29:Infinity":2,"f:52:24:52:47":0,"s:53:50:53:Infinity":3,"s:54:42:54:Infinity":4,"f:54:57:54:63":1,"s:54:57:54:101":5,"s:56:42:56:Infinity":6,"s:57:28:57:Infinity":7,"s:58:32:58:Infinity":8,"s:60:32:60:Infinity":9,"s:61:46:61:Infinity":10,"s:62:42:62:Infinity":11,"s:64:32:64:Infinity":12,"s:65:28:65:Infinity":13,"s:68:38:68:Infinity":14,"s:71:38:71:Infinity":15,"s:74:2:89:Infinity":16,"f:74:18:74:24":2,"s:75:4:75:Infinity":17,"s:76:4:76:Infinity":18,"s:77:4:88:Infinity":19,"f:78:12:78:13":3,"s:79:8:79:Infinity":20,"b:79:48:79:64:79:64:79:65":0,"s:80:8:80:Infinity":21,"b:80:19:80:27:80:27:80:29":1,"s:81:8:81:Infinity":22,"f:83:13:83:14":4,"s:84:8:84:Infinity":23,"s:85:8:85:Infinity":24,"s:86:8:86:Infinity":25,"f:88:15:88:21":5,"s:88:21:88:45":26,"s:92:28:131:Infinity":27,"f:92:46:92:47":6,"b:93:4:93:Infinity:undefined:undefined:undefined:undefined":2,"s:93:4:93:Infinity":28,"b:93:8:93:21:93:21:93:28":3,"s:93:28:93:Infinity":29,"s:95:23:95:Infinity":30,"s:96:4:96:Infinity":31,"b:97:4:104:Infinity:undefined:undefined:undefined:undefined":4,"s:97:4:104:Infinity":32,"s:98:6:98:Infinity":33,"s:99:6:99:Infinity":34,"s:100:6:100:Infinity":35,"s:101:6:101:Infinity":36,"s:102:6:102:Infinity":37,"s:103:6:103:Infinity":38,"s:107:24:107:Infinity":39,"b:107:33:107:75:107:75:107:Infinity":5,"s:108:16:108:Infinity":40,"s:110:4:110:Infinity":41,"b:110:100:110:128:110:128:110:130":6,"s:111:4:111:Infinity":42,"s:112:4:112:Infinity":43,"s:113:4:113:Infinity":44,"s:115:4:130:Infinity":45,"f:116:12:116:13":7,"s:117:8:117:Infinity":46,"b:117:48:117:62:117:62:117:63":7,"s:118:8:118:Infinity":47,"b:118:24:118:45:118:45:118:47":8,"s:119:8:119:Infinity":48,"b:119:17:119:31:119:31:119:32":9,"s:120:8:120:Infinity":49,"b:120:19:120:35:120:35:120:37":10,"s:121:8:121:Infinity":50,"f:123:13:123:14":8,"s:124:8:124:Infinity":51,"s:125:8:125:Infinity":52,"s:126:8:126:Infinity":53,"s:127:8:127:Infinity":54,"s:128:8:128:Infinity":55,"f:130:15:130:21":9,"s:130:21:130:38":56,"s:134:2:139:Infinity":57,"f:134:18:134:24":10,"b:135:4:138:Infinity:undefined:undefined:undefined:undefined":11,"s:135:4:138:Infinity":58,"b:135:8:135:28:135:28:135:42":12,"s:136:6:136:Infinity":59,"s:137:6:137:Infinity":60,"s:142:2:148:Infinity":61,"f:142:18:142:24":11,"b:143:4:143:Infinity:undefined:undefined:undefined:undefined":13,"s:143:4:143:Infinity":62,"b:143:8:143:29:143:29:143:46:143:46:143:65":14,"s:143:65:143:Infinity":63,"s:144:18:146:Infinity":64,"f:144:29:144:35":12,"s:145:6:145:Infinity":65,"s:147:4:147:Infinity":66,"f:147:11:147:17":13,"s:147:17:147:Infinity":67,"s:150:24:155:Infinity":68,"f:150:38:150:44":14,"b:151:4:151:Infinity:undefined:undefined:undefined:undefined":15,"s:151:4:151:Infinity":69,"s:151:23:151:Infinity":70,"s:152:4:154:Infinity":71,"s:157:2:346:Infinity":72,"f:174:24:174:25":15,"s:174:31:174:Infinity":73,"b:177:61:177:76:177:76:177:89":16,"b:180:49:180:65:180:65:180:93":17,"f:181:27:181:28":16,"s:182:16:182:Infinity":74,"f:190:22:190:23":17,"s:190:29:190:Infinity":75,"f:197:19:197:25":18,"s:197:25:197:Infinity":76,"b:198:20:198:31:198:31:198:52:198:52:198:Infinity":18,"b:202:21:202:72:202:72:202:93":19,"b:208:7:208:Infinity:209:8:212:Infinity":20,"b:214:7:214:Infinity:215:8:218:Infinity":21,"b:223:7:223:21:223:21:223:Infinity:224:8:250:Infinity":22,"f:230:24:230:25":19,"s:230:31:230:Infinity":77,"b:235:13:235:Infinity:236:14:242:Infinity":23,"f:237:25:237:31":20,"s:237:31:237:Infinity":78,"b:245:11:245:Infinity:246:12:248:Infinity":24,"b:247:25:247:41:247:41:247:Infinity":25,"b:256:11:256:Infinity:257:12:308:Infinity":26,"f:260:87:260:88":21,"s:261:20:267:Infinity":79,"f:272:34:272:35":22,"s:273:18:305:Infinity":80,"b:289:25:289:61:289:61:289:Infinity":27,"b:296:38:296:72:296:72:296:Infinity":28,"b:297:33:297:69:297:69:297:Infinity":29,"b:302:25:302:55:302:55:302:Infinity":30,"b:312:9:312:Infinity:313:10:316:Infinity":31,"b:319:9:319:21:319:21:319:36:319:36:319:56:319:56:319:72:319:72:319:82:319:82:319:Infinity:320:10:328:Infinity":32,"b:326:15:326:26:326:26:326:Infinity":33,"f:336:21:336:27":23,"s:336:27:336:Infinity":81,"b:337:22:337:33:337:33:337:54:337:54:337:Infinity":34}}}
,"C:\\Users\\juan_\\Unicauca\\2026-1\\SotwareIII\\Frontend\\Front\\src\\app\\pages\\DailyAgenda.tsx": {"path":"C:\\Users\\juan_\\Unicauca\\2026-1\\SotwareIII\\Frontend\\Front\\src\\app\\pages\\DailyAgenda.tsx","statementMap":{"0":{"start":{"line":16,"column":41},"end":{"line":16,"column":null}},"1":{"start":{"line":17,"column":2},"end":{"line":17,"column":null}},"2":{"start":{"line":22,"column":17},"end":{"line":22,"column":null}},"3":{"start":{"line":22,"column":35},"end":{"line":22,"column":56}},"4":{"start":{"line":23,"column":2},"end":{"line":23,"column":null}},"5":{"start":{"line":23,"column":27},"end":{"line":23,"column":null}},"6":{"start":{"line":24,"column":18},"end":{"line":24,"column":null}},"7":{"start":{"line":25,"column":22},"end":{"line":25,"column":null}},"8":{"start":{"line":26,"column":2},"end":{"line":26,"column":null}},"9":{"start":{"line":26,"column":20},"end":{"line":26,"column":null}},"10":{"start":{"line":28,"column":26},"end":{"line":28,"column":null}},"11":{"start":{"line":29,"column":27},"end":{"line":29,"column":null}},"12":{"start":{"line":30,"column":23},"end":{"line":30,"column":null}},"13":{"start":{"line":31,"column":16},"end":{"line":31,"column":null}},"14":{"start":{"line":32,"column":14},"end":{"line":32,"column":null}},"15":{"start":{"line":34,"column":2},"end":{"line":41,"column":null}},"16":{"start":{"line":35,"column":14},"end":{"line":35,"column":null}},"17":{"start":{"line":36,"column":14},"end":{"line":36,"column":null}},"18":{"start":{"line":37,"column":17},"end":{"line":37,"column":null}},"19":{"start":{"line":38,"column":16},"end":{"line":38,"column":null}},"20":{"start":{"line":39,"column":4},"end":{"line":39,"column":null}},"21":{"start":{"line":40,"column":4},"end":{"line":40,"column":null}},"22":{"start":{"line":42,"column":2},"end":{"line":42,"column":null}},"23":{"start":{"line":48,"column":2},"end":{"line":48,"column":null}},"24":{"start":{"line":53,"column":29},"end":{"line":53,"column":null}},"25":{"start":{"line":54,"column":17},"end":{"line":54,"column":null}},"26":{"start":{"line":55,"column":14},"end":{"line":55,"column":null}},"27":{"start":{"line":56,"column":2},"end":{"line":56,"column":null}},"28":{"start":{"line":56,"column":35},"end":{"line":56,"column":null}},"29":{"start":{"line":57,"column":2},"end":{"line":57,"column":null}},"30":{"start":{"line":57,"column":35},"end":{"line":57,"column":null}},"31":{"start":{"line":58,"column":2},"end":{"line":58,"column":null}},"32":{"start":{"line":63,"column":17},"end":{"line":63,"column":null}},"33":{"start":{"line":64,"column":15},"end":{"line":64,"column":null}},"34":{"start":{"line":65,"column":14},"end":{"line":65,"column":null}},"35":{"start":{"line":66,"column":2},"end":{"line":66,"column":null}},"36":{"start":{"line":69,"column":68},"end":{"line":78,"column":null}},"37":{"start":{"line":103,"column":32},"end":{"line":103,"column":null}},"38":{"start":{"line":104,"column":32},"end":{"line":104,"column":null}},"39":{"start":{"line":105,"column":30},"end":{"line":105,"column":null}},"40":{"start":{"line":106,"column":40},"end":{"line":106,"column":null}},"41":{"start":{"line":107,"column":28},"end":{"line":107,"column":null}},"42":{"start":{"line":109,"column":21},"end":{"line":109,"column":null}},"43":{"start":{"line":111,"column":24},"end":{"line":114,"column":null}},"44":{"start":{"line":112,"column":4},"end":{"line":112,"column":null}},"45":{"start":{"line":113,"column":4},"end":{"line":113,"column":null}},"46":{"start":{"line":116,"column":2},"end":{"line":285,"column":null}},"47":{"start":{"line":151,"column":18},"end":{"line":154,"column":null}},"48":{"start":{"line":170,"column":37},"end":{"line":170,"column":null}},"49":{"start":{"line":183,"column":39},"end":{"line":183,"column":null}},"50":{"start":{"line":188,"column":45},"end":{"line":188,"column":73}},"51":{"start":{"line":207,"column":41},"end":{"line":207,"column":62}},"52":{"start":{"line":208,"column":20},"end":{"line":208,"column":null}},"53":{"start":{"line":223,"column":33},"end":{"line":223,"column":null}},"54":{"start":{"line":234,"column":31},"end":{"line":234,"column":null}},"55":{"start":{"line":248,"column":20},"end":{"line":258,"column":null}},"56":{"start":{"line":296,"column":30},"end":{"line":296,"column":null}},"57":{"start":{"line":297,"column":42},"end":{"line":299,"column":null}},"58":{"start":{"line":300,"column":38},"end":{"line":300,"column":null}},"59":{"start":{"line":301,"column":28},"end":{"line":301,"column":null}},"60":{"start":{"line":302,"column":38},"end":{"line":302,"column":null}},"61":{"start":{"line":303,"column":40},"end":{"line":303,"column":null}},"62":{"start":{"line":304,"column":36},"end":{"line":304,"column":null}},"63":{"start":{"line":306,"column":26},"end":{"line":309,"column":null}},"64":{"start":{"line":310,"column":44},"end":{"line":310,"column":null}},"65":{"start":{"line":312,"column":14},"end":{"line":314,"column":null}},"66":{"start":{"line":316,"column":23},"end":{"line":344,"column":null}},"67":{"start":{"line":317,"column":4},"end":{"line":317,"column":null}},"68":{"start":{"line":317,"column":24},"end":{"line":317,"column":null}},"69":{"start":{"line":318,"column":4},"end":{"line":318,"column":null}},"70":{"start":{"line":319,"column":4},"end":{"line":319,"column":null}},"71":{"start":{"line":320,"column":4},"end":{"line":320,"column":null}},"72":{"start":{"line":321,"column":4},"end":{"line":343,"column":null}},"73":{"start":{"line":322,"column":18},"end":{"line":324,"column":null}},"74":{"start":{"line":325,"column":16},"end":{"line":325,"column":null}},"75":{"start":{"line":326,"column":24},"end":{"line":326,"column":null}},"76":{"start":{"line":327,"column":18},"end":{"line":329,"column":null}},"77":{"start":{"line":330,"column":6},"end":{"line":337,"column":null}},"78":{"start":{"line":340,"column":6},"end":{"line":340,"column":null}},"79":{"start":{"line":342,"column":6},"end":{"line":342,"column":null}},"80":{"start":{"line":347,"column":42},"end":{"line":347,"column":null}},"81":{"start":{"line":348,"column":42},"end":{"line":348,"column":null}},"82":{"start":{"line":349,"column":38},"end":{"line":349,"column":null}},"83":{"start":{"line":351,"column":2},"end":{"line":376,"column":null}},"84":{"start":{"line":352,"column":4},"end":{"line":352,"column":null}},"85":{"start":{"line":352,"column":40},"end":{"line":352,"column":61}},"86":{"start":{"line":352,"column":61},"end":{"line":352,"column":80}},"87":{"start":{"line":352,"column":80},"end":{"line":352,"column":88}},"88":{"start":{"line":353,"column":4},"end":{"line":353,"column":null}},"89":{"start":{"line":354,"column":4},"end":{"line":354,"column":null}},"90":{"start":{"line":355,"column":4},"end":{"line":355,"column":null}},"91":{"start":{"line":356,"column":4},"end":{"line":375,"column":null}},"92":{"start":{"line":358,"column":22},"end":{"line":358,"column":null}},"93":{"start":{"line":359,"column":20},"end":{"line":359,"column":null}},"94":{"start":{"line":360,"column":8},"end":{"line":367,"column":null}},"95":{"start":{"line":362,"column":29},"end":{"line":362,"column":null}},"96":{"start":{"line":363,"column":10},"end":{"line":363,"column":null}},"97":{"start":{"line":364,"column":10},"end":{"line":364,"column":null}},"98":{"start":{"line":364,"column":39},"end":{"line":364,"column":null}},"99":{"start":{"line":366,"column":10},"end":{"line":366,"column":null}},"100":{"start":{"line":371,"column":27},"end":{"line":371,"column":null}},"101":{"start":{"line":372,"column":8},"end":{"line":372,"column":null}},"102":{"start":{"line":373,"column":8},"end":{"line":373,"column":null}},"103":{"start":{"line":373,"column":37},"end":{"line":373,"column":null}},"104":{"start":{"line":375,"column":21},"end":{"line":375,"column":43}},"105":{"start":{"line":379,"column":34},"end":{"line":379,"column":null}},"106":{"start":{"line":381,"column":21},"end":{"line":439,"column":null}},"107":{"start":{"line":383,"column":4},"end":{"line":393,"column":null}},"108":{"start":{"line":384,"column":6},"end":{"line":387,"column":null}},"109":{"start":{"line":385,"column":8},"end":{"line":385,"column":null}},"110":{"start":{"line":386,"column":8},"end":{"line":386,"column":null}},"111":{"start":{"line":389,"column":6},"end":{"line":392,"column":null}},"112":{"start":{"line":390,"column":8},"end":{"line":390,"column":null}},"113":{"start":{"line":391,"column":8},"end":{"line":391,"column":null}},"114":{"start":{"line":394,"column":4},"end":{"line":397,"column":null}},"115":{"start":{"line":395,"column":6},"end":{"line":395,"column":null}},"116":{"start":{"line":396,"column":6},"end":{"line":396,"column":null}},"117":{"start":{"line":398,"column":4},"end":{"line":398,"column":null}},"118":{"start":{"line":399,"column":4},"end":{"line":399,"column":null}},"119":{"start":{"line":400,"column":4},"end":{"line":400,"column":null}},"120":{"start":{"line":402,"column":22},"end":{"line":402,"column":null}},"121":{"start":{"line":402,"column":42},"end":{"line":402,"column":64}},"122":{"start":{"line":403,"column":23},"end":{"line":403,"column":null}},"123":{"start":{"line":404,"column":24},"end":{"line":404,"column":null}},"124":{"start":{"line":405,"column":25},"end":{"line":405,"column":null}},"125":{"start":{"line":406,"column":22},"end":{"line":406,"column":null}},"126":{"start":{"line":407,"column":24},"end":{"line":407,"column":null}},"127":{"start":{"line":408,"column":21},"end":{"line":408,"column":null}},"128":{"start":{"line":409,"column":27},"end":{"line":409,"column":null}},"129":{"start":{"line":410,"column":23},"end":{"line":410,"column":null}},"130":{"start":{"line":412,"column":20},"end":{"line":422,"column":null}},"131":{"start":{"line":423,"column":4},"end":{"line":423,"column":null}},"132":{"start":{"line":425,"column":4},"end":{"line":438,"column":null}},"133":{"start":{"line":426,"column":6},"end":{"line":429,"column":null}},"134":{"start":{"line":430,"column":6},"end":{"line":430,"column":null}},"135":{"start":{"line":431,"column":6},"end":{"line":431,"column":null}},"136":{"start":{"line":432,"column":6},"end":{"line":432,"column":null}},"137":{"start":{"line":432,"column":25},"end":{"line":432,"column":36}},"138":{"start":{"line":432,"column":36},"end":{"line":432,"column":51}},"139":{"start":{"line":434,"column":6},"end":{"line":434,"column":null}},"140":{"start":{"line":435,"column":6},"end":{"line":435,"column":null}},"141":{"start":{"line":437,"column":6},"end":{"line":437,"column":null}},"142":{"start":{"line":441,"column":2},"end":{"line":709,"column":null}},"143":{"start":{"line":476,"column":37},"end":{"line":476,"column":null}},"144":{"start":{"line":477,"column":38},"end":{"line":477,"column":null}},"145":{"start":{"line":518,"column":20},"end":{"line":530,"column":null}},"146":{"start":{"line":526,"column":41},"end":{"line":526,"column":null}},"147":{"start":{"line":526,"column":57},"end":{"line":526,"column":95}},"148":{"start":{"line":537,"column":41},"end":{"line":537,"column":null}},"149":{"start":{"line":537,"column":57},"end":{"line":537,"column":90}},"150":{"start":{"line":554,"column":39},"end":{"line":554,"column":null}},"151":{"start":{"line":554,"column":55},"end":{"line":554,"column":91}},"152":{"start":{"line":586,"column":36},"end":{"line":586,"column":null}},"153":{"start":{"line":586,"column":56},"end":{"line":586,"column":79}},"154":{"start":{"line":587,"column":24},"end":{"line":587,"column":null}},"155":{"start":{"line":587,"column":40},"end":{"line":587,"column":110}},"156":{"start":{"line":594,"column":24},"end":{"line":594,"column":null}},"157":{"start":{"line":607,"column":39},"end":{"line":607,"column":99}},"158":{"start":{"line":607,"column":55},"end":{"line":607,"column":96}},"159":{"start":{"line":607,"column":99},"end":{"line":607,"column":121}},"160":{"start":{"line":619,"column":41},"end":{"line":619,"column":91}},"161":{"start":{"line":619,"column":57},"end":{"line":619,"column":88}},"162":{"start":{"line":619,"column":91},"end":{"line":619,"column":113}},"163":{"start":{"line":628,"column":43},"end":{"line":628,"column":null}},"164":{"start":{"line":629,"column":24},"end":{"line":632,"column":null}},"165":{"start":{"line":664,"column":33},"end":{"line":664,"column":null}},"166":{"start":{"line":664,"column":49},"end":{"line":664,"column":88}},"167":{"start":{"line":673,"column":35},"end":{"line":673,"column":null}},"168":{"start":{"line":673,"column":51},"end":{"line":673,"column":93}},"169":{"start":{"line":714,"column":28},"end":{"line":714,"column":null}},"170":{"start":{"line":715,"column":42},"end":{"line":715,"column":null}},"171":{"start":{"line":716,"column":30},"end":{"line":716,"column":null}},"172":{"start":{"line":717,"column":42},"end":{"line":717,"column":null}},"173":{"start":{"line":718,"column":38},"end":{"line":718,"column":null}},"174":{"start":{"line":719,"column":42},"end":{"line":719,"column":null}},"175":{"start":{"line":719,"column":57},"end":{"line":719,"column":101}},"176":{"start":{"line":720,"column":28},"end":{"line":720,"column":null}},"177":{"start":{"line":721,"column":42},"end":{"line":721,"column":null}},"178":{"start":{"line":722,"column":42},"end":{"line":722,"column":null}},"179":{"start":{"line":723,"column":46},"end":{"line":723,"column":null}},"180":{"start":{"line":724,"column":42},"end":{"line":724,"column":null}},"181":{"start":{"line":726,"column":2},"end":{"line":755,"column":null}},"182":{"start":{"line":727,"column":4},"end":{"line":727,"column":null}},"183":{"start":{"line":728,"column":4},"end":{"line":728,"column":null}},"184":{"start":{"line":729,"column":4},"end":{"line":754,"column":null}},"185":{"start":{"line":731,"column":21},"end":{"line":731,"column":null}},"186":{"start":{"line":732,"column":8},"end":{"line":736,"column":null}},"187":{"start":{"line":733,"column":10},"end":{"line":733,"column":null}},"188":{"start":{"line":734,"column":10},"end":{"line":734,"column":null}},"189":{"start":{"line":735,"column":10},"end":{"line":735,"column":null}},"190":{"start":{"line":737,"column":21},"end":{"line":737,"column":null}},"191":{"start":{"line":738,"column":8},"end":{"line":747,"column":null}},"192":{"start":{"line":740,"column":27},"end":{"line":740,"column":61}},"193":{"start":{"line":740,"column":47},"end":{"line":740,"column":61}},"194":{"start":{"line":740,"column":61},"end":{"line":740,"column":77}},"195":{"start":{"line":740,"column":77},"end":{"line":740,"column":90}},"196":{"start":{"line":741,"column":23},"end":{"line":746,"column":14}},"197":{"start":{"line":748,"column":8},"end":{"line":748,"column":null}},"198":{"start":{"line":751,"column":8},"end":{"line":751,"column":null}},"199":{"start":{"line":752,"column":8},"end":{"line":752,"column":null}},"200":{"start":{"line":753,"column":8},"end":{"line":753,"column":null}},"201":{"start":{"line":757,"column":2},"end":{"line":784,"column":null}},"202":{"start":{"line":758,"column":4},"end":{"line":758,"column":null}},"203":{"start":{"line":759,"column":4},"end":{"line":759,"column":null}},"204":{"start":{"line":760,"column":4},"end":{"line":783,"column":null}},"205":{"start":{"line":762,"column":43},"end":{"line":762,"column":null}},"206":{"start":{"line":763,"column":8},"end":{"line":776,"column":null}},"207":{"start":{"line":763,"column":39},"end":{"line":776,"column":10}},"208":{"start":{"line":777,"column":8},"end":{"line":777,"column":null}},"209":{"start":{"line":780,"column":8},"end":{"line":780,"column":null}},"210":{"start":{"line":781,"column":8},"end":{"line":781,"column":null}},"211":{"start":{"line":783,"column":21},"end":{"line":783,"column":43}},"212":{"start":{"line":787,"column":24},"end":{"line":791,"column":null}},"213":{"start":{"line":788,"column":40},"end":{"line":788,"column":null}},"214":{"start":{"line":789,"column":4},"end":{"line":789,"column":null}},"215":{"start":{"line":789,"column":36},"end":{"line":789,"column":58}},"216":{"start":{"line":790,"column":4},"end":{"line":790,"column":null}},"217":{"start":{"line":794,"column":24},"end":{"line":799,"column":null}},"218":{"start":{"line":795,"column":4},"end":{"line":795,"column":null}},"219":{"start":{"line":795,"column":23},"end":{"line":795,"column":null}},"220":{"start":{"line":796,"column":4},"end":{"line":798,"column":null}},"221":{"start":{"line":801,"column":19},"end":{"line":807,"column":null}},"222":{"start":{"line":802,"column":5},"end":{"line":806,"column":null}},"223":{"start":{"line":809,"column":2},"end":{"line":1055,"column":null}},"224":{"start":{"line":826,"column":27},"end":{"line":826,"column":null}},"225":{"start":{"line":852,"column":29},"end":{"line":852,"column":null}},"226":{"start":{"line":863,"column":33},"end":{"line":863,"column":64}},"227":{"start":{"line":863,"column":64},"end":{"line":863,"column":90}},"228":{"start":{"line":877,"column":31},"end":{"line":877,"column":null}},"229":{"start":{"line":883,"column":42},"end":{"line":883,"column":116}},"230":{"start":{"line":884,"column":16},"end":{"line":884,"column":null}},"231":{"start":{"line":892,"column":29},"end":{"line":892,"column":null}},"232":{"start":{"line":907,"column":18},"end":{"line":913,"column":null}},"233":{"start":{"line":918,"column":39},"end":{"line":918,"column":67}},"234":{"start":{"line":919,"column":16},"end":{"line":997,"column":null}},"235":{"start":{"line":935,"column":60},"end":{"line":935,"column":64}},"236":{"start":{"line":981,"column":41},"end":{"line":981,"column":64}},"237":{"start":{"line":981,"column":64},"end":{"line":981,"column":88}},"238":{"start":{"line":1026,"column":25},"end":{"line":1026,"column":null}},"239":{"start":{"line":1029,"column":12},"end":{"line":1048,"column":null}},"240":{"start":{"line":1031,"column":51},"end":{"line":1031,"column":null}},"241":{"start":{"line":1032,"column":16},"end":{"line":1045,"column":null}},"242":{"start":{"line":1032,"column":47},"end":{"line":1045,"column":18}},"243":{"start":{"line":1046,"column":16},"end":{"line":1046,"column":null}},"244":{"start":{"line":1053,"column":69},"end":{"line":1053,"column":85}},"245":{"start":{"line":1053,"column":85},"end":{"line":1053,"column":108}}},"fnMap":{"0":{"name":"getDayName","decl":{"start":{"line":15,"column":9},"end":{"line":15,"column":20}},"loc":{"start":{"line":15,"column":45},"end":{"line":18,"column":null}},"line":15},"1":{"name":"generateTimeSlotsForDoctor","decl":{"start":{"line":21,"column":9},"end":{"line":21,"column":36}},"loc":{"start":{"line":21,"column":83},"end":{"line":43,"column":null}},"line":21},"2":{"name":"(anonymous_2)","decl":{"start":{"line":22,"column":30},"end":{"line":22,"column":35}},"loc":{"start":{"line":22,"column":35},"end":{"line":22,"column":56}},"line":22},"3":{"name":"getOccupiedSlots","decl":{"start":{"line":47,"column":9},"end":{"line":47,"column":26}},"loc":{"start":{"line":47,"column":75},"end":{"line":49,"column":null}},"line":47},"4":{"name":"formatTimeForApi","decl":{"start":{"line":52,"column":16},"end":{"line":52,"column":33}},"loc":{"start":{"line":52,"column":55},"end":{"line":59,"column":null}},"line":52},"5":{"name":"parseTimeFromApi","decl":{"start":{"line":62,"column":16},"end":{"line":62,"column":33}},"loc":{"start":{"line":62,"column":55},"end":{"line":67,"column":null}},"line":62},"6":{"name":"RescheduleModal","decl":{"start":{"line":102,"column":9},"end":{"line":102,"column":25}},"loc":{"start":{"line":102,"column":73},"end":{"line":287,"column":null}},"line":102},"7":{"name":"(anonymous_7)","decl":{"start":{"line":111,"column":24},"end":{"line":111,"column":30}},"loc":{"start":{"line":111,"column":30},"end":{"line":114,"column":null}},"line":111},"8":{"name":"(anonymous_8)","decl":{"start":{"line":150,"column":22},"end":{"line":150,"column":23}},"loc":{"start":{"line":151,"column":18},"end":{"line":154,"column":null}},"line":151},"9":{"name":"(anonymous_9)","decl":{"start":{"line":170,"column":30},"end":{"line":170,"column":31}},"loc":{"start":{"line":170,"column":37},"end":{"line":170,"column":null}},"line":170},"10":{"name":"(anonymous_10)","decl":{"start":{"line":183,"column":32},"end":{"line":183,"column":33}},"loc":{"start":{"line":183,"column":39},"end":{"line":183,"column":null}},"line":183},"11":{"name":"(anonymous_11)","decl":{"start":{"line":188,"column":38},"end":{"line":188,"column":39}},"loc":{"start":{"line":188,"column":45},"end":{"line":188,"column":73}},"line":188},"12":{"name":"(anonymous_12)","decl":{"start":{"line":207,"column":34},"end":{"line":207,"column":35}},"loc":{"start":{"line":207,"column":41},"end":{"line":207,"column":62}},"line":207},"13":{"name":"(anonymous_13)","decl":{"start":{"line":207,"column":68},"end":{"line":207,"column":69}},"loc":{"start":{"line":208,"column":20},"end":{"line":208,"column":null}},"line":208},"14":{"name":"(anonymous_14)","decl":{"start":{"line":223,"column":26},"end":{"line":223,"column":27}},"loc":{"start":{"line":223,"column":33},"end":{"line":223,"column":null}},"line":223},"15":{"name":"(anonymous_15)","decl":{"start":{"line":234,"column":25},"end":{"line":234,"column":31}},"loc":{"start":{"line":234,"column":31},"end":{"line":234,"column":null}},"line":234},"16":{"name":"(anonymous_16)","decl":{"start":{"line":247,"column":24},"end":{"line":247,"column":25}},"loc":{"start":{"line":248,"column":20},"end":{"line":258,"column":null}},"line":248},"17":{"name":"NewAppointmentModal","decl":{"start":{"line":295,"column":16},"end":{"line":295,"column":36}},"loc":{"start":{"line":295,"column":95},"end":{"line":711,"column":null}},"line":295},"18":{"name":"(anonymous_18)","decl":{"start":{"line":316,"column":23},"end":{"line":316,"column":35}},"loc":{"start":{"line":316,"column":35},"end":{"line":344,"column":null}},"line":316},"19":{"name":"(anonymous_19)","decl":{"start":{"line":351,"column":18},"end":{"line":351,"column":24}},"loc":{"start":{"line":351,"column":24},"end":{"line":376,"column":5}},"line":351},"20":{"name":"(anonymous_20)","decl":{"start":{"line":357,"column":12},"end":{"line":357,"column":13}},"loc":{"start":{"line":357,"column":30},"end":{"line":368,"column":7}},"line":357},"21":{"name":"(anonymous_21)","decl":{"start":{"line":369,"column":13},"end":{"line":369,"column":19}},"loc":{"start":{"line":369,"column":19},"end":{"line":374,"column":7}},"line":369},"22":{"name":"(anonymous_22)","decl":{"start":{"line":375,"column":15},"end":{"line":375,"column":21}},"loc":{"start":{"line":375,"column":21},"end":{"line":375,"column":43}},"line":375},"23":{"name":"(anonymous_23)","decl":{"start":{"line":381,"column":21},"end":{"line":381,"column":33}},"loc":{"start":{"line":381,"column":33},"end":{"line":439,"column":null}},"line":381},"24":{"name":"(anonymous_24)","decl":{"start":{"line":402,"column":35},"end":{"line":402,"column":36}},"loc":{"start":{"line":402,"column":42},"end":{"line":402,"column":64}},"line":402},"25":{"name":"(anonymous_25)","decl":{"start":{"line":432,"column":17},"end":{"line":432,"column":23}},"loc":{"start":{"line":432,"column":23},"end":{"line":432,"column":54}},"line":432},"26":{"name":"(anonymous_26)","decl":{"start":{"line":476,"column":30},"end":{"line":476,"column":31}},"loc":{"start":{"line":476,"column":37},"end":{"line":476,"column":null}},"line":476},"27":{"name":"(anonymous_27)","decl":{"start":{"line":477,"column":31},"end":{"line":477,"column":32}},"loc":{"start":{"line":477,"column":38},"end":{"line":477,"column":null}},"line":477},"28":{"name":"(anonymous_28)","decl":{"start":{"line":517,"column":24},"end":{"line":517,"column":25}},"loc":{"start":{"line":518,"column":20},"end":{"line":530,"column":null}},"line":518},"29":{"name":"(anonymous_29)","decl":{"start":{"line":526,"column":34},"end":{"line":526,"column":35}},"loc":{"start":{"line":526,"column":41},"end":{"line":526,"column":null}},"line":526},"30":{"name":"(anonymous_30)","decl":{"start":{"line":526,"column":49},"end":{"line":526,"column":50}},"loc":{"start":{"line":526,"column":57},"end":{"line":526,"column":95}},"line":526},"31":{"name":"(anonymous_31)","decl":{"start":{"line":537,"column":34},"end":{"line":537,"column":35}},"loc":{"start":{"line":537,"column":41},"end":{"line":537,"column":null}},"line":537},"32":{"name":"(anonymous_32)","decl":{"start":{"line":537,"column":49},"end":{"line":537,"column":50}},"loc":{"start":{"line":537,"column":57},"end":{"line":537,"column":90}},"line":537},"33":{"name":"(anonymous_33)","decl":{"start":{"line":554,"column":32},"end":{"line":554,"column":33}},"loc":{"start":{"line":554,"column":39},"end":{"line":554,"column":null}},"line":554},"34":{"name":"(anonymous_34)","decl":{"start":{"line":554,"column":47},"end":{"line":554,"column":48}},"loc":{"start":{"line":554,"column":55},"end":{"line":554,"column":91}},"line":554},"35":{"name":"(anonymous_35)","decl":{"start":{"line":585,"column":32},"end":{"line":585,"column":33}},"loc":{"start":{"line":585,"column":39},"end":{"line":588,"column":null}},"line":585},"36":{"name":"(anonymous_36)","decl":{"start":{"line":586,"column":49},"end":{"line":586,"column":50}},"loc":{"start":{"line":586,"column":56},"end":{"line":586,"column":79}},"line":586},"37":{"name":"(anonymous_37)","decl":{"start":{"line":587,"column":32},"end":{"line":587,"column":33}},"loc":{"start":{"line":587,"column":40},"end":{"line":587,"column":110}},"line":587},"38":{"name":"(anonymous_38)","decl":{"start":{"line":593,"column":35},"end":{"line":593,"column":36}},"loc":{"start":{"line":594,"column":24},"end":{"line":594,"column":null}},"line":594},"39":{"name":"(anonymous_39)","decl":{"start":{"line":607,"column":30},"end":{"line":607,"column":31}},"loc":{"start":{"line":607,"column":37},"end":{"line":607,"column":null}},"line":607},"40":{"name":"(anonymous_40)","decl":{"start":{"line":607,"column":47},"end":{"line":607,"column":48}},"loc":{"start":{"line":607,"column":55},"end":{"line":607,"column":96}},"line":607},"41":{"name":"(anonymous_41)","decl":{"start":{"line":619,"column":32},"end":{"line":619,"column":33}},"loc":{"start":{"line":619,"column":39},"end":{"line":619,"column":null}},"line":619},"42":{"name":"(anonymous_42)","decl":{"start":{"line":619,"column":49},"end":{"line":619,"column":50}},"loc":{"start":{"line":619,"column":57},"end":{"line":619,"column":88}},"line":619},"43":{"name":"(anonymous_43)","decl":{"start":{"line":627,"column":40},"end":{"line":627,"column":41}},"loc":{"start":{"line":627,"column":47},"end":{"line":634,"column":23}},"line":627},"44":{"name":"(anonymous_44)","decl":{"start":{"line":664,"column":26},"end":{"line":664,"column":27}},"loc":{"start":{"line":664,"column":33},"end":{"line":664,"column":null}},"line":664},"45":{"name":"(anonymous_45)","decl":{"start":{"line":664,"column":41},"end":{"line":664,"column":42}},"loc":{"start":{"line":664,"column":49},"end":{"line":664,"column":88}},"line":664},"46":{"name":"(anonymous_46)","decl":{"start":{"line":673,"column":28},"end":{"line":673,"column":29}},"loc":{"start":{"line":673,"column":35},"end":{"line":673,"column":null}},"line":673},"47":{"name":"(anonymous_47)","decl":{"start":{"line":673,"column":43},"end":{"line":673,"column":44}},"loc":{"start":{"line":673,"column":51},"end":{"line":673,"column":93}},"line":673},"48":{"name":"DailyAgenda","decl":{"start":{"line":713,"column":24},"end":{"line":713,"column":38}},"loc":{"start":{"line":713,"column":38},"end":{"line":1057,"column":null}},"line":713},"49":{"name":"(anonymous_49)","decl":{"start":{"line":719,"column":57},"end":{"line":719,"column":63}},"loc":{"start":{"line":719,"column":57},"end":{"line":719,"column":101}},"line":719},"50":{"name":"(anonymous_50)","decl":{"start":{"line":726,"column":18},"end":{"line":726,"column":24}},"loc":{"start":{"line":726,"column":24},"end":{"line":755,"column":5}},"line":726},"51":{"name":"(anonymous_51)","decl":{"start":{"line":730,"column":12},"end":{"line":730,"column":13}},"loc":{"start":{"line":730,"column":21},"end":{"line":749,"column":7}},"line":730},"52":{"name":"(anonymous_52)","decl":{"start":{"line":740,"column":20},"end":{"line":740,"column":25}},"loc":{"start":{"line":740,"column":25},"end":{"line":740,"column":91}},"line":740},"53":{"name":"(anonymous_53)","decl":{"start":{"line":741,"column":17},"end":{"line":741,"column":23}},"loc":{"start":{"line":741,"column":23},"end":{"line":746,"column":14}},"line":741},"54":{"name":"(anonymous_54)","decl":{"start":{"line":750,"column":13},"end":{"line":750,"column":14}},"loc":{"start":{"line":750,"column":31},"end":{"line":754,"column":7}},"line":750},"55":{"name":"(anonymous_55)","decl":{"start":{"line":757,"column":18},"end":{"line":757,"column":24}},"loc":{"start":{"line":757,"column":24},"end":{"line":784,"column":5}},"line":757},"56":{"name":"(anonymous_56)","decl":{"start":{"line":761,"column":12},"end":{"line":761,"column":13}},"loc":{"start":{"line":761,"column":30},"end":{"line":778,"column":7}},"line":761},"57":{"name":"(anonymous_57)","decl":{"start":{"line":763,"column":33},"end":{"line":763,"column":39}},"loc":{"start":{"line":763,"column":39},"end":{"line":776,"column":10}},"line":763},"58":{"name":"(anonymous_58)","decl":{"start":{"line":779,"column":13},"end":{"line":779,"column":14}},"loc":{"start":{"line":779,"column":31},"end":{"line":782,"column":7}},"line":779},"59":{"name":"(anonymous_59)","decl":{"start":{"line":783,"column":15},"end":{"line":783,"column":21}},"loc":{"start":{"line":783,"column":21},"end":{"line":783,"column":43}},"line":783},"60":{"name":"(anonymous_60)","decl":{"start":{"line":787,"column":38},"end":{"line":787,"column":44}},"loc":{"start":{"line":787,"column":44},"end":{"line":791,"column":5}},"line":787},"61":{"name":"(anonymous_61)","decl":{"start":{"line":789,"column":27},"end":{"line":789,"column":28}},"loc":{"start":{"line":789,"column":34},"end":{"line":789,"column":59}},"line":789},"62":{"name":"(anonymous_62)","decl":{"start":{"line":794,"column":38},"end":{"line":794,"column":44}},"loc":{"start":{"line":794,"column":44},"end":{"line":799,"column":5}},"line":794},"63":{"name":"(anonymous_63)","decl":{"start":{"line":802,"column":4},"end":{"line":802,"column":5}},"loc":{"start":{"line":802,"column":5},"end":{"line":806,"column":null}},"line":802},"64":{"name":"(anonymous_64)","decl":{"start":{"line":826,"column":21},"end":{"line":826,"column":27}},"loc":{"start":{"line":826,"column":27},"end":{"line":826,"column":null}},"line":826},"65":{"name":"(anonymous_65)","decl":{"start":{"line":852,"column":22},"end":{"line":852,"column":23}},"loc":{"start":{"line":852,"column":29},"end":{"line":852,"column":null}},"line":852},"66":{"name":"(anonymous_66)","decl":{"start":{"line":863,"column":24},"end":{"line":863,"column":25}},"loc":{"start":{"line":863,"column":31},"end":{"line":863,"column":null}},"line":863},"67":{"name":"(anonymous_67)","decl":{"start":{"line":877,"column":24},"end":{"line":877,"column":25}},"loc":{"start":{"line":877,"column":31},"end":{"line":877,"column":null}},"line":877},"68":{"name":"(anonymous_68)","decl":{"start":{"line":883,"column":37},"end":{"line":883,"column":42}},"loc":{"start":{"line":883,"column":42},"end":{"line":883,"column":116}},"line":883},"69":{"name":"(anonymous_69)","decl":{"start":{"line":883,"column":122},"end":{"line":883,"column":123}},"loc":{"start":{"line":884,"column":16},"end":{"line":884,"column":null}},"line":884},"70":{"name":"(anonymous_70)","decl":{"start":{"line":892,"column":22},"end":{"line":892,"column":23}},"loc":{"start":{"line":892,"column":29},"end":{"line":892,"column":null}},"line":892},"71":{"name":"(anonymous_71)","decl":{"start":{"line":906,"column":128},"end":{"line":906,"column":129}},"loc":{"start":{"line":907,"column":18},"end":{"line":913,"column":null}},"line":907},"72":{"name":"(anonymous_72)","decl":{"start":{"line":918,"column":29},"end":{"line":918,"column":30}},"loc":{"start":{"line":918,"column":39},"end":{"line":918,"column":67}},"line":918},"73":{"name":"(anonymous_73)","decl":{"start":{"line":918,"column":73},"end":{"line":918,"column":74}},"loc":{"start":{"line":919,"column":16},"end":{"line":997,"column":null}},"line":919},"74":{"name":"(anonymous_74)","decl":{"start":{"line":935,"column":53},"end":{"line":935,"column":54}},"loc":{"start":{"line":935,"column":60},"end":{"line":935,"column":64}},"line":935},"75":{"name":"(anonymous_75)","decl":{"start":{"line":981,"column":33},"end":{"line":981,"column":39}},"loc":{"start":{"line":981,"column":39},"end":{"line":981,"column":null}},"line":981},"76":{"name":"(anonymous_76)","decl":{"start":{"line":1026,"column":19},"end":{"line":1026,"column":25}},"loc":{"start":{"line":1026,"column":25},"end":{"line":1026,"column":null}},"line":1026},"77":{"name":"(anonymous_77)","decl":{"start":{"line":1028,"column":21},"end":{"line":1028,"column":27}},"loc":{"start":{"line":1028,"column":27},"end":{"line":1049,"column":null}},"line":1028},"78":{"name":"(anonymous_78)","decl":{"start":{"line":1030,"column":20},"end":{"line":1030,"column":21}},"loc":{"start":{"line":1030,"column":38},"end":{"line":1047,"column":15}},"line":1030},"79":{"name":"(anonymous_79)","decl":{"start":{"line":1032,"column":41},"end":{"line":1032,"column":47}},"loc":{"start":{"line":1032,"column":47},"end":{"line":1045,"column":18}},"line":1032},"80":{"name":"(anonymous_80)","decl":{"start":{"line":1048,"column":21},"end":{"line":1048,"column":27}},"loc":{"start":{"line":1048,"column":27},"end":{"line":1048,"column":29}},"line":1048},"81":{"name":"(anonymous_81)","decl":{"start":{"line":1053,"column":61},"end":{"line":1053,"column":67}},"loc":{"start":{"line":1053,"column":67},"end":{"line":1053,"column":111}},"line":1053}},"branchMap":{"0":{"loc":{"start":{"line":23,"column":2},"end":{"line":23,"column":null}},"type":"if","locations":[{"start":{"line":23,"column":2},"end":{"line":23,"column":null}},{"start":{},"end":{}}],"line":23},"1":{"loc":{"start":{"line":23,"column":6},"end":{"line":23,"column":27}},"type":"binary-expr","locations":[{"start":{"line":23,"column":6},"end":{"line":23,"column":17}},{"start":{"line":23,"column":17},"end":{"line":23,"column":27}}],"line":23},"2":{"loc":{"start":{"line":26,"column":2},"end":{"line":26,"column":null}},"type":"if","locations":[{"start":{"line":26,"column":2},"end":{"line":26,"column":null}},{"start":{},"end":{}}],"line":26},"3":{"loc":{"start":{"line":37,"column":17},"end":{"line":37,"column":null}},"type":"cond-expr","locations":[{"start":{"line":37,"column":27},"end":{"line":37,"column":34}},{"start":{"line":37,"column":34},"end":{"line":37,"column":null}}],"line":37},"4":{"loc":{"start":{"line":38,"column":16},"end":{"line":38,"column":null}},"type":"cond-expr","locations":[{"start":{"line":38,"column":25},"end":{"line":38,"column":34}},{"start":{"line":38,"column":34},"end":{"line":38,"column":null}}],"line":38},"5":{"loc":{"start":{"line":38,"column":34},"end":{"line":38,"column":null}},"type":"cond-expr","locations":[{"start":{"line":38,"column":44},"end":{"line":38,"column":49}},{"start":{"line":38,"column":49},"end":{"line":38,"column":null}}],"line":38},"6":{"loc":{"start":{"line":56,"column":2},"end":{"line":56,"column":null}},"type":"if","locations":[{"start":{"line":56,"column":2},"end":{"line":56,"column":null}},{"start":{},"end":{}}],"line":56},"7":{"loc":{"start":{"line":56,"column":6},"end":{"line":56,"column":35}},"type":"binary-expr","locations":[{"start":{"line":56,"column":6},"end":{"line":56,"column":25}},{"start":{"line":56,"column":25},"end":{"line":56,"column":35}}],"line":56},"8":{"loc":{"start":{"line":57,"column":2},"end":{"line":57,"column":null}},"type":"if","locations":[{"start":{"line":57,"column":2},"end":{"line":57,"column":null}},{"start":{},"end":{}}],"line":57},"9":{"loc":{"start":{"line":57,"column":6},"end":{"line":57,"column":35}},"type":"binary-expr","locations":[{"start":{"line":57,"column":6},"end":{"line":57,"column":25}},{"start":{"line":57,"column":25},"end":{"line":57,"column":35}}],"line":57},"10":{"loc":{"start":{"line":64,"column":15},"end":{"line":64,"column":null}},"type":"cond-expr","locations":[{"start":{"line":64,"column":25},"end":{"line":64,"column":32}},{"start":{"line":64,"column":32},"end":{"line":64,"column":null}}],"line":64},"11":{"loc":{"start":{"line":65,"column":14},"end":{"line":65,"column":null}},"type":"cond-expr","locations":[{"start":{"line":65,"column":23},"end":{"line":65,"column":32}},{"start":{"line":65,"column":32},"end":{"line":65,"column":null}}],"line":65},"12":{"loc":{"start":{"line":65,"column":32},"end":{"line":65,"column":null}},"type":"cond-expr","locations":[{"start":{"line":65,"column":42},"end":{"line":65,"column":47}},{"start":{"line":65,"column":47},"end":{"line":65,"column":null}}],"line":65},"13":{"loc":{"start":{"line":130,"column":9},"end":{"line":282,"column":null}},"type":"cond-expr","locations":[{"start":{"line":131,"column":10},"end":{"line":136,"column":null}},{"start":{"line":138,"column":10},"end":{"line":282,"column":null}}],"line":130},"14":{"loc":{"start":{"line":239,"column":82},"end":{"line":239,"column":113}},"type":"cond-expr","locations":[{"start":{"line":239,"column":96},"end":{"line":239,"column":111}},{"start":{"line":239,"column":111},"end":{"line":239,"column":113}}],"line":239},"15":{"loc":{"start":{"line":242,"column":15},"end":{"line":260,"column":null}},"type":"binary-expr","locations":[{"start":{"line":242,"column":15},"end":{"line":242,"column":null}},{"start":{"line":243,"column":16},"end":{"line":260,"column":null}}],"line":242},"16":{"loc":{"start":{"line":275,"column":26},"end":{"line":275,"column":null}},"type":"binary-expr","locations":[{"start":{"line":275,"column":26},"end":{"line":275,"column":38}},{"start":{"line":275,"column":38},"end":{"line":275,"column":null}}],"line":275},"17":{"loc":{"start":{"line":312,"column":14},"end":{"line":314,"column":null}},"type":"cond-expr","locations":[{"start":{"line":313,"column":6},"end":{"line":313,"column":null}},{"start":{"line":314,"column":6},"end":{"line":314,"column":null}}],"line":312},"18":{"loc":{"start":{"line":317,"column":4},"end":{"line":317,"column":null}},"type":"if","locations":[{"start":{"line":317,"column":4},"end":{"line":317,"column":null}},{"start":{},"end":{}}],"line":317},"19":{"loc":{"start":{"line":326,"column":24},"end":{"line":326,"column":null}},"type":"cond-expr","locations":[{"start":{"line":326,"column":38},"end":{"line":326,"column":66}},{"start":{"line":326,"column":66},"end":{"line":326,"column":null}}],"line":326},"20":{"loc":{"start":{"line":327,"column":18},"end":{"line":329,"column":null}},"type":"cond-expr","locations":[{"start":{"line":328,"column":10},"end":{"line":328,"column":null}},{"start":{"line":329,"column":10},"end":{"line":329,"column":null}}],"line":327},"21":{"loc":{"start":{"line":335,"column":17},"end":{"line":335,"column":null}},"type":"binary-expr","locations":[{"start":{"line":335,"column":17},"end":{"line":335,"column":64}},{"start":{"line":335,"column":64},"end":{"line":335,"column":null}}],"line":335},"22":{"loc":{"start":{"line":352,"column":4},"end":{"line":352,"column":null}},"type":"if","locations":[{"start":{"line":352,"column":4},"end":{"line":352,"column":null}},{"start":{},"end":{}}],"line":352},"23":{"loc":{"start":{"line":352,"column":8},"end":{"line":352,"column":38}},"type":"binary-expr","locations":[{"start":{"line":352,"column":8},"end":{"line":352,"column":26}},{"start":{"line":352,"column":26},"end":{"line":352,"column":38}}],"line":352},"24":{"loc":{"start":{"line":359,"column":20},"end":{"line":359,"column":null}},"type":"cond-expr","locations":[{"start":{"line":359,"column":42},"end":{"line":359,"column":62}},{"start":{"line":359,"column":62},"end":{"line":359,"column":null}}],"line":359},"25":{"loc":{"start":{"line":359,"column":62},"end":{"line":359,"column":null}},"type":"cond-expr","locations":[{"start":{"line":359,"column":92},"end":{"line":359,"column":106}},{"start":{"line":359,"column":106},"end":{"line":359,"column":null}}],"line":359},"26":{"loc":{"start":{"line":360,"column":8},"end":{"line":367,"column":null}},"type":"if","locations":[{"start":{"line":360,"column":8},"end":{"line":367,"column":null}},{"start":{"line":365,"column":15},"end":{"line":367,"column":null}}],"line":360},"27":{"loc":{"start":{"line":364,"column":10},"end":{"line":364,"column":null}},"type":"if","locations":[{"start":{"line":364,"column":10},"end":{"line":364,"column":null}},{"start":{},"end":{}}],"line":364},"28":{"loc":{"start":{"line":373,"column":8},"end":{"line":373,"column":null}},"type":"if","locations":[{"start":{"line":373,"column":8},"end":{"line":373,"column":null}},{"start":{},"end":{}}],"line":373},"29":{"loc":{"start":{"line":383,"column":4},"end":{"line":393,"column":null}},"type":"if","locations":[{"start":{"line":383,"column":4},"end":{"line":393,"column":null}},{"start":{},"end":{}}],"line":383},"30":{"loc":{"start":{"line":384,"column":6},"end":{"line":387,"column":null}},"type":"if","locations":[{"start":{"line":384,"column":6},"end":{"line":387,"column":null}},{"start":{},"end":{}}],"line":384},"31":{"loc":{"start":{"line":384,"column":10},"end":{"line":384,"column":93}},"type":"binary-expr","locations":[{"start":{"line":384,"column":10},"end":{"line":384,"column":35}},{"start":{"line":384,"column":35},"end":{"line":384,"column":57}},{"start":{"line":384,"column":57},"end":{"line":384,"column":79}},{"start":{"line":384,"column":79},"end":{"line":384,"column":93}}],"line":384},"32":{"loc":{"start":{"line":389,"column":6},"end":{"line":392,"column":null}},"type":"if","locations":[{"start":{"line":389,"column":6},"end":{"line":392,"column":null}},{"start":{},"end":{}}],"line":389},"33":{"loc":{"start":{"line":389,"column":10},"end":{"line":389,"column":72}},"type":"binary-expr","locations":[{"start":{"line":389,"column":10},"end":{"line":389,"column":24}},{"start":{"line":389,"column":24},"end":{"line":389,"column":72}}],"line":389},"34":{"loc":{"start":{"line":394,"column":4},"end":{"line":397,"column":null}},"type":"if","locations":[{"start":{"line":394,"column":4},"end":{"line":397,"column":null}},{"start":{},"end":{}}],"line":394},"35":{"loc":{"start":{"line":394,"column":8},"end":{"line":394,"column":52}},"type":"binary-expr","locations":[{"start":{"line":394,"column":8},"end":{"line":394,"column":26}},{"start":{"line":394,"column":26},"end":{"line":394,"column":40}},{"start":{"line":394,"column":40},"end":{"line":394,"column":52}}],"line":394},"36":{"loc":{"start":{"line":403,"column":23},"end":{"line":403,"column":null}},"type":"cond-expr","locations":[{"start":{"line":403,"column":38},"end":{"line":403,"column":81}},{"start":{"line":403,"column":81},"end":{"line":403,"column":null}}],"line":403},"37":{"loc":{"start":{"line":404,"column":24},"end":{"line":404,"column":null}},"type":"cond-expr","locations":[{"start":{"line":404,"column":39},"end":{"line":404,"column":59}},{"start":{"line":404,"column":59},"end":{"line":404,"column":null}}],"line":404},"38":{"loc":{"start":{"line":405,"column":25},"end":{"line":405,"column":null}},"type":"cond-expr","locations":[{"start":{"line":405,"column":40},"end":{"line":405,"column":61}},{"start":{"line":405,"column":61},"end":{"line":405,"column":null}}],"line":405},"39":{"loc":{"start":{"line":406,"column":22},"end":{"line":406,"column":null}},"type":"cond-expr","locations":[{"start":{"line":406,"column":37},"end":{"line":406,"column":59}},{"start":{"line":406,"column":59},"end":{"line":406,"column":null}}],"line":406},"40":{"loc":{"start":{"line":407,"column":24},"end":{"line":407,"column":null}},"type":"binary-expr","locations":[{"start":{"line":407,"column":24},"end":{"line":407,"column":59}},{"start":{"line":407,"column":59},"end":{"line":407,"column":null}}],"line":407},"41":{"loc":{"start":{"line":408,"column":21},"end":{"line":408,"column":null}},"type":"cond-expr","locations":[{"start":{"line":408,"column":36},"end":{"line":408,"column":61}},{"start":{"line":408,"column":61},"end":{"line":408,"column":null}}],"line":408},"42":{"loc":{"start":{"line":409,"column":27},"end":{"line":409,"column":null}},"type":"cond-expr","locations":[{"start":{"line":409,"column":38},"end":{"line":409,"column":63}},{"start":{"line":409,"column":63},"end":{"line":409,"column":null}}],"line":409},"43":{"loc":{"start":{"line":410,"column":23},"end":{"line":410,"column":null}},"type":"binary-expr","locations":[{"start":{"line":410,"column":23},"end":{"line":410,"column":37}},{"start":{"line":410,"column":37},"end":{"line":410,"column":null}}],"line":410},"44":{"loc":{"start":{"line":435,"column":21},"end":{"line":435,"column":86}},"type":"cond-expr","locations":[{"start":{"line":435,"column":44},"end":{"line":435,"column":58}},{"start":{"line":435,"column":58},"end":{"line":435,"column":86}}],"line":435},"45":{"loc":{"start":{"line":455,"column":9},"end":{"line":706,"column":null}},"type":"cond-expr","locations":[{"start":{"line":456,"column":10},"end":{"line":461,"column":null}},{"start":{"line":463,"column":10},"end":{"line":706,"column":null}}],"line":455},"46":{"loc":{"start":{"line":477,"column":38},"end":{"line":477,"column":null}},"type":"binary-expr","locations":[{"start":{"line":477,"column":38},"end":{"line":477,"column":59}},{"start":{"line":477,"column":59},"end":{"line":477,"column":null}}],"line":477},"47":{"loc":{"start":{"line":489,"column":19},"end":{"line":489,"column":null}},"type":"cond-expr","locations":[{"start":{"line":489,"column":31},"end":{"line":489,"column":45}},{"start":{"line":489,"column":45},"end":{"line":489,"column":null}}],"line":489},"48":{"loc":{"start":{"line":494,"column":13},"end":{"line":501,"column":null}},"type":"binary-expr","locations":[{"start":{"line":494,"column":13},"end":{"line":494,"column":29}},{"start":{"line":494,"column":29},"end":{"line":494,"column":null}},{"start":{"line":495,"column":14},"end":{"line":501,"column":null}}],"line":494},"49":{"loc":{"start":{"line":501,"column":14},"end":{"line":571,"column":null}},"type":"binary-expr","locations":[{"start":{"line":504,"column":14},"end":{"line":504,"column":28}},{"start":{"line":504,"column":28},"end":{"line":504,"column":null}},{"start":{"line":505,"column":14},"end":{"line":571,"column":null}}],"line":501},"50":{"loc":{"start":{"line":520,"column":39},"end":{"line":520,"column":null}},"type":"binary-expr","locations":[{"start":{"line":520,"column":39},"end":{"line":520,"column":52}},{"start":{"line":520,"column":52},"end":{"line":520,"column":null}}],"line":520},"51":{"loc":{"start":{"line":563,"column":29},"end":{"line":563,"column":null}},"type":"cond-expr","locations":[{"start":{"line":563,"column":35},"end":{"line":563,"column":51}},{"start":{"line":563,"column":51},"end":{"line":563,"column":null}}],"line":563},"52":{"loc":{"start":{"line":587,"column":82},"end":{"line":587,"column":99}},"type":"binary-expr","locations":[{"start":{"line":587,"column":82},"end":{"line":587,"column":95}},{"start":{"line":587,"column":95},"end":{"line":587,"column":99}}],"line":587},"53":{"loc":{"start":{"line":620,"column":32},"end":{"line":620,"column":null}},"type":"binary-expr","locations":[{"start":{"line":620,"column":32},"end":{"line":620,"column":48}},{"start":{"line":620,"column":48},"end":{"line":620,"column":null}}],"line":620},"54":{"loc":{"start":{"line":622,"column":54},"end":{"line":622,"column":98}},"type":"cond-expr","locations":[{"start":{"line":622,"column":70},"end":{"line":622,"column":85}},{"start":{"line":622,"column":85},"end":{"line":622,"column":98}}],"line":622},"55":{"loc":{"start":{"line":622,"column":149},"end":{"line":622,"column":223}},"type":"cond-expr","locations":[{"start":{"line":622,"column":194},"end":{"line":622,"column":213}},{"start":{"line":622,"column":213},"end":{"line":622,"column":223}}],"line":622},"56":{"loc":{"start":{"line":622,"column":149},"end":{"line":622,"column":194}},"type":"binary-expr","locations":[{"start":{"line":622,"column":149},"end":{"line":622,"column":165}},{"start":{"line":622,"column":165},"end":{"line":622,"column":194}}],"line":622},"57":{"loc":{"start":{"line":625,"column":25},"end":{"line":625,"column":null}},"type":"cond-expr","locations":[{"start":{"line":625,"column":40},"end":{"line":625,"column":62}},{"start":{"line":625,"column":62},"end":{"line":625,"column":null}}],"line":625},"58":{"loc":{"start":{"line":625,"column":62},"end":{"line":625,"column":null}},"type":"cond-expr","locations":[{"start":{"line":625,"column":90},"end":{"line":625,"column":128}},{"start":{"line":625,"column":128},"end":{"line":625,"column":null}}],"line":625},"59":{"loc":{"start":{"line":631,"column":32},"end":{"line":631,"column":null}},"type":"cond-expr","locations":[{"start":{"line":631,"column":45},"end":{"line":631,"column":60}},{"start":{"line":631,"column":60},"end":{"line":631,"column":null}}],"line":631},"60":{"loc":{"start":{"line":638,"column":19},"end":{"line":641,"column":null}},"type":"binary-expr","locations":[{"start":{"line":638,"column":19},"end":{"line":638,"column":null}},{"start":{"line":639,"column":20},"end":{"line":641,"column":null}}],"line":638},"61":{"loc":{"start":{"line":643,"column":19},"end":{"line":646,"column":null}},"type":"binary-expr","locations":[{"start":{"line":643,"column":19},"end":{"line":643,"column":null}},{"start":{"line":644,"column":20},"end":{"line":646,"column":null}}],"line":643},"62":{"loc":{"start":{"line":650,"column":15},"end":{"line":654,"column":null}},"type":"binary-expr","locations":[{"start":{"line":650,"column":15},"end":{"line":650,"column":null}},{"start":{"line":651,"column":16},"end":{"line":654,"column":null}}],"line":650},"63":{"loc":{"start":{"line":682,"column":13},"end":{"line":686,"column":null}},"type":"binary-expr","locations":[{"start":{"line":682,"column":13},"end":{"line":682,"column":null}},{"start":{"line":683,"column":14},"end":{"line":686,"column":null}}],"line":682},"64":{"loc":{"start":{"line":703,"column":17},"end":{"line":703,"column":null}},"type":"cond-expr","locations":[{"start":{"line":703,"column":30},"end":{"line":703,"column":47}},{"start":{"line":703,"column":47},"end":{"line":703,"column":null}}],"line":703},"65":{"loc":{"start":{"line":732,"column":8},"end":{"line":736,"column":null}},"type":"if","locations":[{"start":{"line":732,"column":8},"end":{"line":736,"column":null}},{"start":{},"end":{}}],"line":732},"66":{"loc":{"start":{"line":740,"column":27},"end":{"line":740,"column":61}},"type":"if","locations":[{"start":{"line":740,"column":27},"end":{"line":740,"column":61}},{"start":{},"end":{}}],"line":740},"67":{"loc":{"start":{"line":744,"column":20},"end":{"line":744,"column":null}},"type":"cond-expr","locations":[{"start":{"line":744,"column":42},"end":{"line":744,"column":53}},{"start":{"line":744,"column":53},"end":{"line":744,"column":null}}],"line":744},"68":{"loc":{"start":{"line":745,"column":22},"end":{"line":745,"column":null}},"type":"cond-expr","locations":[{"start":{"line":745,"column":45},"end":{"line":745,"column":58}},{"start":{"line":745,"column":58},"end":{"line":745,"column":null}}],"line":745},"69":{"loc":{"start":{"line":752,"column":24},"end":{"line":752,"column":86}},"type":"cond-expr","locations":[{"start":{"line":752,"column":47},"end":{"line":752,"column":61}},{"start":{"line":752,"column":61},"end":{"line":752,"column":86}}],"line":752},"70":{"loc":{"start":{"line":762,"column":43},"end":{"line":762,"column":null}},"type":"cond-expr","locations":[{"start":{"line":762,"column":65},"end":{"line":762,"column":96}},{"start":{"line":762,"column":96},"end":{"line":762,"column":null}}],"line":762},"71":{"loc":{"start":{"line":795,"column":4},"end":{"line":795,"column":null}},"type":"if","locations":[{"start":{"line":795,"column":4},"end":{"line":795,"column":null}},{"start":{},"end":{}}],"line":795},"72":{"loc":{"start":{"line":802,"column":5},"end":{"line":806,"column":null}},"type":"binary-expr","locations":[{"start":{"line":803,"column":7},"end":{"line":803,"column":35}},{"start":{"line":803,"column":35},"end":{"line":803,"column":null}},{"start":{"line":804,"column":7},"end":{"line":804,"column":33}},{"start":{"line":804,"column":33},"end":{"line":804,"column":null}},{"start":{"line":805,"column":7},"end":{"line":805,"column":null}},{"start":{"line":806,"column":8},"end":{"line":806,"column":null}}],"line":802},"73":{"loc":{"start":{"line":815,"column":93},"end":{"line":815,"column":133}},"type":"binary-expr","locations":[{"start":{"line":815,"column":93},"end":{"line":815,"column":110}},{"start":{"line":815,"column":110},"end":{"line":815,"column":133}}],"line":815},"74":{"loc":{"start":{"line":837,"column":7},"end":{"line":841,"column":null}},"type":"binary-expr","locations":[{"start":{"line":837,"column":7},"end":{"line":837,"column":null}},{"start":{"line":838,"column":8},"end":{"line":841,"column":null}}],"line":837},"75":{"loc":{"start":{"line":883,"column":42},"end":{"line":883,"column":116}},"type":"binary-expr","locations":[{"start":{"line":883,"column":42},"end":{"line":883,"column":68}},{"start":{"line":883,"column":68},"end":{"line":883,"column":94}},{"start":{"line":883,"column":94},"end
[...]
:null}},"type":"if","locations":[{"start":{"line":64,"column":2},"end":{"line":68,"column":null}},{"start":{},"end":{}}],"line":64},"10":{"loc":{"start":{"line":71,"column":2},"end":{"line":75,"column":null}},"type":"if","locations":[{"start":{"line":71,"column":2},"end":{"line":75,"column":null}},{"start":{},"end":{}}],"line":71}},"s":{"0":1,"1":1,"2":0,"3":0,"4":0,"5":0,"6":0,"7":0,"8":0,"9":0,"10":0,"11":0,"12":0,"13":0,"14":0,"15":0,"16":0,"17":0,"18":0,"19":0,"20":0,"21":0,"22":0,"23":0,"24":0,"25":0,"26":0,"27":0,"28":0,"29":0,"30":0,"31":0,"32":0,"33":0,"34":0,"35":0,"36":0,"37":0,"38":0},"f":{"0":0},"b":{"0":[1,0],"1":[0],"2":[0,0],"3":[0,0],"4":[0,0],"5":[0,0],"6":[0,0],"7":[0,0],"8":[0,0],"9":[0,0],"10":[0,0]},"meta":{"lastBranch":11,"lastFunction":1,"lastStatement":39,"seen":{"s:1:17:1:Infinity":0,"b:1:17:1:49:1:49:1:Infinity":0,"s:7:10:13:Infinity":1,"f:15:22:15:44":0,"b:15:81:15:97":1,"s:16:8:16:Infinity":2,"b:16:8:16:36:16:36:16:Infinity":2,"s:17:42:20:Infinity":3,"b:19:9:19:55:19:55:19:Infinity":3,"b:21:2:23:Infinity:undefined:undefined:undefined:undefined":4,"s:21:2:23:Infinity":4,"s:22:4:22:Infinity":5,"s:25:8:25:Infinity":6,"b:25:19:25:37:25:37:25:44":5,"s:26:18:26:Infinity":7,"s:29:2:29:Infinity":8,"s:30:2:30:Infinity":9,"s:31:2:36:Infinity":10,"b:34:8:34:Infinity:35:8:35:Infinity":6,"b:37:2:45:Infinity:43:9:45:Infinity":7,"s:37:2:45:Infinity":11,"s:38:4:42:Infinity":12,"s:39:6:39:Infinity":13,"s:41:6:41:Infinity":14,"s:44:4:44:Infinity":15,"s:46:13:46:Infinity":16,"s:50:2:59:Infinity":17,"s:51:4:51:Infinity":18,"s:53:16:53:Infinity":19,"b:53:46:53:67:53:67:53:Infinity":8,"s:54:4:54:Infinity":20,"s:55:4:55:Infinity":21,"s:56:4:56:Infinity":22,"s:57:4:57:Infinity":23,"s:58:4:58:Infinity":24,"s:61:8:61:Infinity":25,"b:64:2:68:Infinity:undefined:undefined:undefined:undefined":9,"s:64:2:68:Infinity":26,"s:65:20:65:Infinity":27,"s:66:2:66:Infinity":28,"s:67:2:67:Infinity":29,"b:71:2:75:Infinity:undefined:undefined:undefined:undefined":10,"s:71:2:75:Infinity":30,"s:72:4:72:Infinity":31,"s:73:4:73:Infinity":32,"s:74:4:74:Infinity":33,"s:78:15:78:Infinity":34,"s:79:2:79:Infinity":35,"s:80:2:80:Infinity":36,"s:81:2:81:Infinity":37,"s:82:2:82:Infinity":38}}}
,"C:\\Users\\juan_\\Unicauca\\2026-1\\SotwareIII\\Frontend\\Front\\src\\app\\store\\authStore.ts": {"path":"C:\\Users\\juan_\\Unicauca\\2026-1\\SotwareIII\\Frontend\\Front\\src\\app\\store\\authStore.ts","statementMap":{"0":{"start":{"line":6,"column":32},"end":{"line":6,"column":null}},"1":{"start":{"line":9,"column":2},"end":{"line":9,"column":null}},"2":{"start":{"line":9,"column":8},"end":{"line":9,"column":42}},"3":{"start":{"line":9,"column":52},"end":{"line":9,"column":65}},"4":{"start":{"line":13,"column":2},"end":{"line":13,"column":null}},"5":{"start":{"line":13,"column":8},"end":{"line":13,"column":42}},"6":{"start":{"line":17,"column":2},"end":{"line":17,"column":null}},"7":{"start":{"line":17,"column":8},"end":{"line":17,"column":38}},"8":{"start":{"line":21,"column":2},"end":{"line":21,"column":null}},"9":{"start":{"line":22,"column":2},"end":{"line":22,"column":null}},"10":{"start":{"line":23,"column":2},"end":{"line":23,"column":null}},"11":{"start":{"line":24,"column":2},"end":{"line":24,"column":null}},"12":{"start":{"line":25,"column":2},"end":{"line":25,"column":null}},"13":{"start":{"line":29,"column":16},"end":{"line":29,"column":null}},"14":{"start":{"line":30,"column":2},"end":{"line":37,"column":null}},"15":{"start":{"line":31,"column":4},"end":{"line":36,"column":null}},"16":{"start":{"line":39,"column":2},"end":{"line":39,"column":null}},"17":{"start":{"line":43,"column":2},"end":{"line":43,"column":null}},"18":{"start":{"line":44,"column":2},"end":{"line":44,"column":null}},"19":{"start":{"line":45,"column":2},"end":{"line":45,"column":null}},"20":{"start":{"line":46,"column":2},"end":{"line":46,"column":null}},"21":{"start":{"line":47,"column":2},"end":{"line":47,"column":null}},"22":{"start":{"line":51,"column":2},"end":{"line":51,"column":null}},"23":{"start":{"line":55,"column":15},"end":{"line":55,"column":null}},"24":{"start":{"line":56,"column":2},"end":{"line":56,"column":null}},"25":{"start":{"line":56,"column":91},"end":{"line":56,"column":null}},"26":{"start":{"line":57,"column":2},"end":{"line":57,"column":null}},"27":{"start":{"line":61,"column":2},"end":{"line":61,"column":null}},"28":{"start":{"line":65,"column":2},"end":{"line":65,"column":null}},"29":{"start":{"line":70,"column":2},"end":{"line":78,"column":null}},"30":{"start":{"line":71,"column":18},"end":{"line":71,"column":null}},"31":{"start":{"line":72,"column":4},"end":{"line":72,"column":null}},"32":{"start":{"line":72,"column":28},"end":{"line":72,"column":null}},"33":{"start":{"line":73,"column":20},"end":{"line":73,"column":null}},"34":{"start":{"line":74,"column":20},"end":{"line":74,"column":null}},"35":{"start":{"line":75,"column":4},"end":{"line":75,"column":null}},"36":{"start":{"line":77,"column":4},"end":{"line":77,"column":null}},"37":{"start":{"line":83,"column":18},"end":{"line":83,"column":null}},"38":{"start":{"line":84,"column":2},"end":{"line":84,"column":null}},"39":{"start":{"line":84,"column":16},"end":{"line":84,"column":null}},"40":{"start":{"line":86,"column":2},"end":{"line":89,"column":null}},"41":{"start":{"line":95,"column":18},"end":{"line":95,"column":null}},"42":{"start":{"line":96,"column":2},"end":{"line":96,"column":null}},"43":{"start":{"line":96,"column":16},"end":{"line":96,"column":null}},"44":{"start":{"line":98,"column":2},"end":{"line":102,"column":null}},"45":{"start":{"line":108,"column":18},"end":{"line":108,"column":null}},"46":{"start":{"line":109,"column":2},"end":{"line":109,"column":null}},"47":{"start":{"line":109,"column":16},"end":{"line":109,"column":null}},"48":{"start":{"line":111,"column":2},"end":{"line":115,"column":null}},"49":{"start":{"line":121,"column":15},"end":{"line":121,"column":null}},"50":{"start":{"line":122,"column":2},"end":{"line":122,"column":null}},"51":{"start":{"line":122,"column":20},"end":{"line":122,"column":null}},"52":{"start":{"line":124,"column":18},"end":{"line":124,"column":null}},"53":{"start":{"line":125,"column":2},"end":{"line":125,"column":null}},"54":{"start":{"line":125,"column":32},"end":{"line":125,"column":null}},"55":{"start":{"line":127,"column":23},"end":{"line":127,"column":null}},"56":{"start":{"line":128,"column":23},"end":{"line":128,"column":null}},"57":{"start":{"line":130,"column":2},"end":{"line":130,"column":null}},"58":{"start":{"line":135,"column":2},"end":{"line":135,"column":null}},"59":{"start":{"line":135,"column":26},"end":{"line":135,"column":null}},"60":{"start":{"line":137,"column":2},"end":{"line":140,"column":null}},"61":{"start":{"line":138,"column":4},"end":{"line":138,"column":null}},"62":{"start":{"line":139,"column":4},"end":{"line":139,"column":null}},"63":{"start":{"line":142,"column":2},"end":{"line":142,"column":null}}},"fnMap":{"0":{"name":"lsGet","decl":{"start":{"line":8,"column":9},"end":{"line":8,"column":15}},"loc":{"start":{"line":8,"column":43},"end":{"line":10,"column":null}},"line":8},"1":{"name":"lsSet","decl":{"start":{"line":12,"column":9},"end":{"line":12,"column":15}},"loc":{"start":{"line":12,"column":49},"end":{"line":14,"column":null}},"line":12},"2":{"name":"lsRemove","decl":{"start":{"line":16,"column":9},"end":{"line":16,"column":18}},"loc":{"start":{"line":16,"column":37},"end":{"line":18,"column":null}},"line":16},"3":{"name":"saveAuth","decl":{"start":{"line":20,"column":16},"end":{"line":20,"column":25}},"loc":{"start":{"line":20,"column":47},"end":{"line":26,"column":null}},"line":20},"4":{"name":"getAuth","decl":{"start":{"line":28,"column":16},"end":{"line":28,"column":43}},"loc":{"start":{"line":28,"column":43},"end":{"line":40,"column":null}},"line":28},"5":{"name":"clearAuth","decl":{"start":{"line":42,"column":16},"end":{"line":42,"column":34}},"loc":{"start":{"line":42,"column":34},"end":{"line":48,"column":null}},"line":42},"6":{"name":"isAuthenticated","decl":{"start":{"line":50,"column":16},"end":{"line":50,"column":43}},"loc":{"start":{"line":50,"column":43},"end":{"line":52,"column":null}},"line":50},"7":{"name":"getRole","decl":{"start":{"line":54,"column":16},"end":{"line":54,"column":43}},"loc":{"start":{"line":54,"column":43},"end":{"line":58,"column":null}},"line":54},"8":{"name":"getFullName","decl":{"start":{"line":60,"column":16},"end":{"line":60,"column":38}},"loc":{"start":{"line":60,"column":38},"end":{"line":62,"column":null}},"line":60},"9":{"name":"getUserId","decl":{"start":{"line":64,"column":16},"end":{"line":64,"column":36}},"loc":{"start":{"line":64,"column":36},"end":{"line":66,"column":null}},"line":64},"10":{"name":"decodeJWT","decl":{"start":{"line":69,"column":9},"end":{"line":69,"column":19}},"loc":{"start":{"line":69,"column":66},"end":{"line":79,"column":null}},"line":69},"11":{"name":"extractRoleFromToken","decl":{"start":{"line":82,"column":16},"end":{"line":82,"column":37}},"loc":{"start":{"line":82,"column":67},"end":{"line":91,"column":null}},"line":82},"12":{"name":"extractFullNameFromToken","decl":{"start":{"line":94,"column":16},"end":{"line":94,"column":41}},"loc":{"start":{"line":94,"column":71},"end":{"line":104,"column":null}},"line":94},"13":{"name":"extractIdFromToken","decl":{"start":{"line":107,"column":16},"end":{"line":107,"column":35}},"loc":{"start":{"line":107,"column":58},"end":{"line":117,"column":null}},"line":107},"14":{"name":"isTokenExpired","decl":{"start":{"line":120,"column":16},"end":{"line":120,"column":42}},"loc":{"start":{"line":120,"column":42},"end":{"line":131,"column":null}},"line":120},"15":{"name":"validateAuth","decl":{"start":{"line":134,"column":16},"end":{"line":134,"column":40}},"loc":{"start":{"line":134,"column":40},"end":{"line":143,"column":null}},"line":134}},"branchMap":{"0":{"loc":{"start":{"line":30,"column":2},"end":{"line":37,"column":null}},"type":"if","locations":[{"start":{"line":30,"column":2},"end":{"line":37,"column":null}},{"start":{},"end":{}}],"line":30},"1":{"loc":{"start":{"line":33,"column":12},"end":{"line":33,"column":null}},"type":"binary-expr","locations":[{"start":{"line":33,"column":12},"end":{"line":33,"column":29}},{"start":{"line":33,"column":29},"end":{"line":33,"column":null}}],"line":33},"2":{"loc":{"start":{"line":34,"column":16},"end":{"line":34,"column":null}},"type":"binary-expr","locations":[{"start":{"line":34,"column":16},"end":{"line":34,"column":37}},{"start":{"line":34,"column":37},"end":{"line":34,"column":null}}],"line":34},"3":{"loc":{"start":{"line":35,"column":10},"end":{"line":35,"column":null}},"type":"binary-expr","locations":[{"start":{"line":35,"column":10},"end":{"line":35,"column":29}},{"start":{"line":35,"column":29},"end":{"line":35,"column":null}}],"line":35},"4":{"loc":{"start":{"line":51,"column":9},"end":{"line":51,"column":null}},"type":"binary-expr","locations":[{"start":{"line":51,"column":9},"end":{"line":51,"column":29}},{"start":{"line":51,"column":29},"end":{"line":51,"column":null}}],"line":51},"5":{"loc":{"start":{"line":55,"column":15},"end":{"line":55,"column":null}},"type":"binary-expr","locations":[{"start":{"line":55,"column":15},"end":{"line":55,"column":32}},{"start":{"line":55,"column":32},"end":{"line":55,"column":50}},{"start":{"line":55,"column":50},"end":{"line":55,"column":null}}],"line":55},"6":{"loc":{"start":{"line":56,"column":2},"end":{"line":56,"column":null}},"type":"if","locations":[{"start":{"line":56,"column":2},"end":{"line":56,"column":null}},{"start":{},"end":{}}],"line":56},"7":{"loc":{"start":{"line":56,"column":6},"end":{"line":56,"column":91}},"type":"binary-expr","locations":[{"start":{"line":56,"column":6},"end":{"line":56,"column":26}},{"start":{"line":56,"column":26},"end":{"line":56,"column":50}},{"start":{"line":56,"column":50},"end":{"line":56,"column":72}},{"start":{"line":56,"column":72},"end":{"line":56,"column":91}}],"line":56},"8":{"loc":{"start":{"line":61,"column":9},"end":{"line":61,"column":null}},"type":"binary-expr","locations":[{"start":{"line":61,"column":9},"end":{"line":61,"column":30}},{"start":{"line":61,"column":30},"end":{"line":61,"column":52}},{"start":{"line":61,"column":52},"end":{"line":61,"column":null}}],"line":61},"9":{"loc":{"start":{"line":65,"column":9},"end":{"line":65,"column":null}},"type":"binary-expr","locations":[{"start":{"line":65,"column":9},"end":{"line":65,"column":28}},{"start":{"line":65,"column":28},"end":{"line":65,"column":44}},{"start":{"line":65,"column":44},"end":{"line":65,"column":null}}],"line":65},"10":{"loc":{"start":{"line":72,"column":4},"end":{"line":72,"column":null}},"type":"if","locations":[{"start":{"line":72,"column":4},"end":{"line":72,"column":null}},{"start":{},"end":{}}],"line":72},"11":{"loc":{"start":{"line":84,"column":2},"end":{"line":84,"column":null}},"type":"if","locations":[{"start":{"line":84,"column":2},"end":{"line":84,"column":null}},{"start":{},"end":{}}],"line":84},"12":{"loc":{"start":{"line":87,"column":5},"end":{"line":89,"column":null}},"type":"binary-expr","locations":[{"start":{"line":87,"column":5},"end":{"line":87,"column":null}},{"start":{"line":88,"column":5},"end":{"line":88,"column":null}},{"start":{"line":89,"column":4},"end":{"line":89,"column":null}}],"line":87},"13":{"loc":{"start":{"line":96,"column":2},"end":{"line":96,"column":null}},"type":"if","locations":[{"start":{"line":96,"column":2},"end":{"line":96,"column":null}},{"start":{},"end":{}}],"line":96},"14":{"loc":{"start":{"line":99,"column":5},"end":{"line":102,"column":null}},"type":"binary-expr","locations":[{"start":{"line":99,"column":5},"end":{"line":99,"column":null}},{"start":{"line":100,"column":5},"end":{"line":100,"column":null}},{"start":{"line":101,"column":5},"end":{"line":101,"column":null}},{"start":{"line":102,"column":4},"end":{"line":102,"column":null}}],"line":99},"15":{"loc":{"start":{"line":109,"column":2},"end":{"line":109,"column":null}},"type":"if","locations":[{"start":{"line":109,"column":2},"end":{"line":109,"column":null}},{"start":{},"end":{}}],"line":109},"16":{"loc":{"start":{"line":112,"column":5},"end":{"line":115,"column":null}},"type":"binary-expr","locations":[{"start":{"line":112,"column":5},"end":{"line":112,"column":null}},{"start":{"line":113,"column":5},"end":{"line":113,"column":null}},{"start":{"line":114,"column":5},"end":{"line":114,"column":null}},{"start":{"line":115,"column":4},"end":{"line":115,"column":null}}],"line":112},"17":{"loc":{"start":{"line":122,"column":2},"end":{"line":122,"column":null}},"type":"if","locations":[{"start":{"line":122,"column":2},"end":{"line":122,"column":null}},{"start":{},"end":{}}],"line":122},"18":{"loc":{"start":{"line":125,"column":2},"end":{"line":125,"column":null}},"type":"if","locations":[{"start":{"line":125,"column":2},"end":{"line":125,"column":null}},{"start":{},"end":{}}],"line":125},"19":{"loc":{"start":{"line":125,"column":6},"end":{"line":125,"column":32}},"type":"binary-expr","locations":[{"start":{"line":125,"column":6},"end":{"line":125,"column":18}},{"start":{"line":125,"column":18},"end":{"line":125,"column":32}}],"line":125},"20":{"loc":{"start":{"line":135,"column":2},"end":{"line":135,"column":null}},"type":"if","locations":[{"start":{"line":135,"column":2},"end":{"line":135,"column":null}},{"start":{},"end":{}}],"line":135},"21":{"loc":{"start":{"line":137,"column":2},"end":{"line":140,"column":null}},"type":"if","locations":[{"start":{"line":137,"column":2},"end":{"line":140,"column":null}},{"start":{},"end":{}}],"line":137}},"s":{"0":1,"1":0,"2":0,"3":0,"4":0,"5":0,"6":0,"7":0,"8":0,"9":0,"10":0,"11":0,"12":0,"13":0,"14":0,"15":0,"16":0,"17":0,"18":0,"19":0,"20":0,"21":0,"22":0,"23":0,"24":0,"25":0,"26":0,"27":0,"28":0,"29":0,"30":0,"31":0,"32":0,"33":0,"34":0,"35":0,"36":0,"37":0,"38":0,"39":0,"40":0,"41":0,"42":0,"43":0,"44":0,"45":0,"46":0,"47":0,"48":0,"49":0,"50":0,"51":0,"52":0,"53":0,"54":0,"55":0,"56":0,"57":0,"58":0,"59":0,"60":0,"61":0,"62":0,"63":0},"f":{"0":0,"1":0,"2":0,"3":0,"4":0,"5":0,"6":0,"7":0,"8":0,"9":0,"10":0,"11":0,"12":0,"13":0,"14":0,"15":0},"b":{"0":[0,0],"1":[0,0],"2":[0,0],"3":[0,0],"4":[0,0],"5":[0,0,0],"6":[0,0],"7":[0,0,0,0],"8":[0,0,0],"9":[0,0,0],"10":[0,0],"11":[0,0],"12":[0,0,0],"13":[0,0],"14":[0,0,0,0],"15":[0,0],"16":[0,0,0,0],"17":[0,0],"18":[0,0],"19":[0,0],"20":[0,0],"21":[0,0]},"meta":{"lastBranch":22,"lastFunction":16,"lastStatement":64,"seen":{"s:6:32:6:Infinity":0,"f:8:9:8:15":0,"s:9:2:9:Infinity":1,"s:9:8:9:42":2,"s:9:52:9:65":3,"f:12:9:12:15":1,"s:13:2:13:Infinity":4,"s:13:8:13:42":5,"f:16:9:16:18":2,"s:17:2:17:Infinity":6,"s:17:8:17:38":7,"f:20:16:20:25":3,"s:21:2:21:Infinity":8,"s:22:2:22:Infinity":9,"s:23:2:23:Infinity":10,"s:24:2:24:Infinity":11,"s:25:2:25:Infinity":12,"f:28:16:28:43":4,"s:29:16:29:Infinity":13,"b:30:2:37:Infinity:undefined:undefined:undefined:undefined":0,"s:30:2:37:Infinity":14,"s:31:4:36:Infinity":15,"b:33:12:33:29:33:29:33:Infinity":1,"b:34:16:34:37:34:37:34:Infinity":2,"b:35:10:35:29:35:29:35:Infinity":3,"s:39:2:39:Infinity":16,"f:42:16:42:34":5,"s:43:2:43:Infinity":17,"s:44:2:44:Infinity":18,"s:45:2:45:Infinity":19,"s:46:2:46:Infinity":20,"s:47:2:47:Infinity":21,"f:50:16:50:43":6,"s:51:2:51:Infinity":22,"b:51:9:51:29:51:29:51:Infinity":4,"f:54:16:54:43":7,"s:55:15:55:Infinity":23,"b:55:15:55:32:55:32:55:50:55:50:55:Infinity":5,"b:56:2:56:Infinity:undefined:undefined:undefined:undefined":6,"s:56:2:56:Infinity":24,"b:56:6:56:26:56:26:56:50:56:50:56:72:56:72:56:91":7,"s:56:91:56:Infinity":25,"s:57:2:57:Infinity":26,"f:60:16:60:38":8,"s:61:2:61:Infinity":27,"b:61:9:61:30:61:30:61:52:61:52:61:Infinity":8,"f:64:16:64:36":9,"s:65:2:65:Infinity":28,"b:65:9:65:28:65:28:65:44:65:44:65:Infinity":9,"f:69:9:69:19":10,"s:70:2:78:Infinity":29,"s:71:18:71:Infinity":30,"b:72:4:72:Infinity:undefined:undefined:undefined:undefined":10,"s:72:4:72:Infinity":31,"s:72:28:72:Infinity":32,"s:73:20:73:Infinity":33,"s:74:20:74:Infinity":34,"s:75:4:75:Infinity":35,"s:77:4:77:Infinity":36,"f:82:16:82:37":11,"s:83:18:83:Infinity":37,"b:84:2:84:Infinity:undefined:undefined:undefined:undefined":11,"s:84:2:84:Infinity":38,"s:84:16:84:Infinity":39,"s:86:2:89:Infinity":40,"b:87:5:87:Infinity:88:5:88:Infinity:89:4:89:Infinity":12,"f:94:16:94:41":12,"s:95:18:95:Infinity":41,"b:96:2:96:Infinity:undefined:undefined:undefined:undefined":13,"s:96:2:96:Infinity":42,"s:96:16:96:Infinity":43,"s:98:2:102:Infinity":44,"b:99:5:99:Infinity:100:5:100:Infinity:101:5:101:Infinity:102:4:102:Infinity":14,"f:107:16:107:35":13,"s:108:18:108:Infinity":45,"b:109:2:109:Infinity:undefined:undefined:undefined:undefined":15,"s:109:2:109:Infinity":46,"s:109:16:109:Infinity":47,"s:111:2:115:Infinity":48,"b:112:5:112:Infinity:113:5:113:Infinity:114:5:114:Infinity:115:4:115:Infinity":16,"f:120:16:120:42":14,"s:121:15:121:Infinity":49,"b:122:2:122:Infinity:undefined:undefined:undefined:undefined":17,"s:122:2:122:Infinity":50,"s:122:20:122:Infinity":51,"s:124:18:124:Infinity":52,"b:125:2:125:Infinity:undefined:undefined:undefined:undefined":18,"s:125:2:125:Infinity":53,"b:125:6:125:18:125:18:125:32":19,"s:125:32:125:Infinity":54,"s:127:23:127:Infinity":55,"s:128:23:128:Infinity":56,"s:130:2:130:Infinity":57,"f:134:16:134:40":15,"b:135:2:135:Infinity:undefined:undefined:undefined:undefined":20,"s:135:2:135:Infinity":58,"s:135:26:135:Infinity":59,"b:137:2:140:Infinity:undefined:undefined:undefined:undefined":21,"s:137:2:140:Infinity":60,"s:138:4:138:Infinity":61,"s:139:4:139:Infinity":62,"s:142:2:142:Infinity":63}}}
,"C:\\Users\\juan_\\Unicauca\\2026-1\\SotwareIII\\Frontend\\Front\\src\\app\\types\\common.types.ts": {"path":"C:\\Users\\juan_\\Unicauca\\2026-1\\SotwareIII\\Frontend\\Front\\src\\app\\types\\common.types.ts","statementMap":{"0":{"start":{"line":3,"column":50},"end":{"line":7,"column":null}}},"fnMap":{},"branchMap":{},"s":{"0":2},"f":{},"b":{},"meta":{"lastBranch":0,"lastFunction":0,"lastStatement":1,"seen":{"s:3:50:7:Infinity":0}}}
}
